Start auto log messages stack - Iteration 1.	[MsgId: MMSG-10545]
Start auto log messages stack - Iteration 1.	[MsgId: MMSG-10545]
Start auto log messages stack - Iteration 1.	[MsgId: MMSG-10545]
Action.c(237): web_add_header("Authorization") started  	[MsgId: MMSG-26355]
Action.c(237): web_add_header("Authorization") started  	[MsgId: MMSG-26355]
Action.c(237): Warning -26594: The header being added may cause unpredictable results if applied to ALL the URLs generated on behalf of the next script function. It will apply to the primary URL only.  	[MsgId: MWAR-26594]
Action.c(237): Warning -26594: The header being added may cause unpredictable results if applied to ALL the URLs generated on behalf of the next script function. It will apply to the primary URL only.  	[MsgId: MWAR-26594]
Action.c(237): web_add_header("Authorization") highest severity level was "warning"  	[MsgId: MMSG-26391]
Action.c(237): web_add_header("Authorization") highest severity level was "warning"  	[MsgId: MMSG-26391]
Action.c(239): web_url("{userIdValue}") started  	[MsgId: MMSG-26355]
Action.c(239): web_url("{userIdValue}") started  	[MsgId: MMSG-26355]
Action.c(239): Notify: Transaction "login" ended with a "Stop" status (Duration: 19,9128 Wasted Time: 0,0003).	[MsgId: MMSG-16871]
Action.c(237): web_add_header("Authorization") started  	[MsgId: MMSG-26355]
Action.c(239): Notify: Transaction "login" ended with a "Stop" status (Duration: 26,4268 Wasted Time: 0,0005).	[MsgId: MMSG-16871]
Action.c(237): Warning -26594: The header being added may cause unpredictable results if applied to ALL the URLs generated on behalf of the next script function. It will apply to the primary URL only.  	[MsgId: MWAR-26594]
Action.c(239): Notify: Transaction "Buy_Item_Transaction" ended with a "Stop" status (Duration: 34,1545 Think Time: 5,0097 Wasted Time: 0,0069).	[MsgId: MMSG-16870]
Abort was called from an action.	[MsgId: MMSG-10447]
Action.c(237): web_add_header("Authorization") highest severity level was "warning"  	[MsgId: MMSG-26391]
Ending Vuser...	[MsgId: MMSG-15966]
Action.c(239): Notify: Transaction "Buy_Item_Transaction" ended with a "Stop" status (Duration: 45,6951 Think Time: 5,0094 Wasted Time: 0,0074).	[MsgId: MMSG-16870]
Starting action vuser_end.	[MsgId: MMSG-15919]
Abort was called from an action.	[MsgId: MMSG-10447]
Ending action vuser_end.	[MsgId: MMSG-15918]
Ending Vuser...	[MsgId: MMSG-15966]
Vuser Terminated.	[MsgId: MMSG-15963]
Starting action vuser_end.	[MsgId: MMSG-15919]
Action.c(239): Error -27760: Request "https://www.advantageonlineshopping.com/order/api/v1/carts/105923581" failed  	[MsgId: MERR-27760]
Ending action vuser_end.	[MsgId: MMSG-15918]
Vuser Terminated.	[MsgId: MMSG-15963]
Action.c(239): Error -27760: Request "https://www.advantageonlineshopping.com/order/api/v1/carts/915458869" failed  	[MsgId: MERR-27760]
Action.c(239): web_url("{userIdValue}") started  	[MsgId: MMSG-26355]
Action.c(239): Notify: Transaction "login" ended with a "Stop" status (Duration: 24,0232 Wasted Time: 0,0005).	[MsgId: MMSG-16871]
Action.c(239): Notify: Transaction "Buy_Item_Transaction" ended with a "Stop" status (Duration: 38,2336 Think Time: 5,0137 Wasted Time: 0,0064).	[MsgId: MMSG-16870]
Abort was called from an action.	[MsgId: MMSG-10447]
Ending Vuser...	[MsgId: MMSG-15966]
Starting action vuser_end.	[MsgId: MMSG-15919]
Ending action vuser_end.	[MsgId: MMSG-15918]
Vuser Terminated.	[MsgId: MMSG-15963]
Action.c(239): Error -27760: Request "https://www.advantageonlineshopping.com/order/api/v1/carts/375813603" failed  	[MsgId: MERR-27760]
