Start auto log messages stack - Iteration 8.	[MsgId: MMSG-10545]
Action.c(52): Downloading resource "https://www.advantageonlineshopping.com/catalog/fetchImage?image_id=3200" (specified by argument number 25)  	[MsgId: MMSG-26577]
Action.c(52): Downloading resource "https://www.advantageonlineshopping.com/css/images/category_banner_3.png" (specified by argument number 27)  	[MsgId: MMSG-26577]
Action.c(52): Downloading resource "https://www.advantageonlineshopping.com/catalog/fetchImage?image_id=3300" (specified by argument number 29)  	[MsgId: MMSG-26577]
Action.c(52): Downloading resource "https://www.advantageonlineshopping.com/catalog/fetchImage?image_id=3202" (specified by argument number 31)  	[MsgId: MMSG-26577]
Action.c(52): Downloading resource "https://www.advantageonlineshopping.com/catalog/fetchImage?image_id=3201" (specified by argument number 33)  	[MsgId: MMSG-26577]
Action.c(52): Error -27644: Step download timeout (120 seconds) has expired when only cross-step downloads (0) were active  	[MsgId: MERR-27644]
End auto log messages stack.	[MsgId: MMSG-10544]


Start auto log messages stack - Iteration 9.	[MsgId: MMSG-10545]
Action.c(52): Downloading resource "https://www.advantageonlineshopping.com/catalog/fetchImage?image_id=3200" (specified by argument number 25)  	[MsgId: MMSG-26577]
Action.c(52): Downloading resource "https://www.advantageonlineshopping.com/css/images/category_banner_3.png" (specified by argument number 27)  	[MsgId: MMSG-26577]
Action.c(52): Downloading resource "https://www.advantageonlineshopping.com/catalog/fetchImage?image_id=3300" (specified by argument number 29)  	[MsgId: MMSG-26577]
Action.c(52): Downloading resource "https://www.advantageonlineshopping.com/catalog/fetchImage?image_id=3202" (specified by argument number 31)  	[MsgId: MMSG-26577]
Action.c(52): Downloading resource "https://www.advantageonlineshopping.com/catalog/fetchImage?image_id=3201" (specified by argument number 33)  	[MsgId: MMSG-26577]
Action.c(52): Error -27644: Step download timeout (120 seconds) has expired when only cross-step downloads (0) were active  	[MsgId: MERR-27644]
End auto log messages stack.	[MsgId: MMSG-10544]


Start auto log messages stack - Iteration 9.	[MsgId: MMSG-10545]
Action.c(52): Downloading resource "https://www.advantageonlineshopping.com/catalog/fetchImage?image_id=3200" (specified by argument number 25)  	[MsgId: MMSG-26577]
Action.c(52): Downloading resource "https://www.advantageonlineshopping.com/css/images/category_banner_3.png" (specified by argument number 27)  	[MsgId: MMSG-26577]
Action.c(52): Downloading resource "https://www.advantageonlineshopping.com/catalog/fetchImage?image_id=3300" (specified by argument number 29)  	[MsgId: MMSG-26577]
Action.c(52): Downloading resource "https://www.advantageonlineshopping.com/catalog/fetchImage?image_id=3202" (specified by argument number 31)  	[MsgId: MMSG-26577]
Action.c(52): Downloading resource "https://www.advantageonlineshopping.com/catalog/fetchImage?image_id=3201" (specified by argument number 33)  	[MsgId: MMSG-26577]
Action.c(52): Error -27644: Step download timeout (120 seconds) has expired when only cross-step downloads (0) were active  	[MsgId: MERR-27644]
End auto log messages stack.	[MsgId: MMSG-10544]


Start auto log messages stack - Iteration 9.	[MsgId: MMSG-10545]
Action.c(52): Downloading resource "https://www.advantageonlineshopping.com/catalog/fetchImage?image_id=3200" (specified by argument number 25)  	[MsgId: MMSG-26577]
Action.c(52): Downloading resource "https://www.advantageonlineshopping.com/css/images/category_banner_3.png" (specified by argument number 27)  	[MsgId: MMSG-26577]
Action.c(52): Downloading resource "https://www.advantageonlineshopping.com/catalog/fetchImage?image_id=3300" (specified by argument number 29)  	[MsgId: MMSG-26577]
Action.c(52): Downloading resource "https://www.advantageonlineshopping.com/catalog/fetchImage?image_id=3202" (specified by argument number 31)  	[MsgId: MMSG-26577]
Action.c(52): Downloading resource "https://www.advantageonlineshopping.com/catalog/fetchImage?image_id=3201" (specified by argument number 33)  	[MsgId: MMSG-26577]
Action.c(52): Error -27644: Step download timeout (120 seconds) has expired when only cross-step downloads (0) were active  	[MsgId: MERR-27644]
End auto log messages stack.	[MsgId: MMSG-10544]


Start auto log messages stack - Iteration 10.	[MsgId: MMSG-10545]
Action.c(52): Downloading resource "https://www.advantageonlineshopping.com/catalog/fetchImage?image_id=3200" (specified by argument number 25)  	[MsgId: MMSG-26577]
Action.c(52): Downloading resource "https://www.advantageonlineshopping.com/css/images/category_banner_3.png" (specified by argument number 27)  	[MsgId: MMSG-26577]
Action.c(52): Downloading resource "https://www.advantageonlineshopping.com/catalog/fetchImage?image_id=3300" (specified by argument number 29)  	[MsgId: MMSG-26577]
Action.c(52): Downloading resource "https://www.advantageonlineshopping.com/catalog/fetchImage?image_id=3202" (specified by argument number 31)  	[MsgId: MMSG-26577]
Action.c(52): Downloading resource "https://www.advantageonlineshopping.com/catalog/fetchImage?image_id=3201" (specified by argument number 33)  	[MsgId: MMSG-26577]
Action.c(52): Error -27644: Step download timeout (120 seconds) has expired when only cross-step downloads (0) were active  	[MsgId: MERR-27644]
End auto log messages stack.	[MsgId: MMSG-10544]


