Start auto log messages stack - Iteration 4.	[MsgId: MMSG-10545]
Action.c(392): web_add_header("Origin") was successful  	[MsgId: MMSG-26392]
Action.c(398): web_add_header("Authorization") started  	[MsgId: MMSG-26355]
Action.c(398): Warning -26594: The header being added may cause unpredictable results if applied to ALL the URLs generated on behalf of the next script function. It will apply to the primary URL only.  	[MsgId: MWAR-26594]
Action.c(398): web_add_header("Authorization") highest severity level was "warning"  	[MsgId: MMSG-26391]
Action.c(400): web_reg_find started  	[MsgId: MMSG-26355]
Action.c(400): Registering web_reg_find was successful  	[MsgId: MMSG-26390]
Action.c(401): web_submit_data("{colorCode}") started  	[MsgId: MMSG-26355]
Action.c(401): Error -26612: HTTP Status-Code=500 (Internal Server Error) for "https://www.advantageonlineshopping.com/order/api/v1/carts/375813603/product/13/color/414141?quantity=1"  	[MsgId: MERR-26612]
Action.c(401): Error -26366: "Text=exists":true" not found for web_reg_find  	[MsgId: MERR-26366]
End auto log messages stack.	[MsgId: MMSG-10544]


Start auto log messages stack - Iteration 13.	[MsgId: MMSG-10545]
Action.c(620): web_remove/revert_auto_header("X-Requested-With") was successful  	[MsgId: MMSG-26392]
Action.c(622): web_add_header("Authorization") started  	[MsgId: MMSG-26355]
Action.c(622): Warning -26594: The header being added may cause unpredictable results if applied to ALL the URLs generated on behalf of the next script function. It will apply to the primary URL only.  	[MsgId: MWAR-26594]
Action.c(622): web_add_header("Authorization") highest severity level was "warning"  	[MsgId: MMSG-26391]
Action.c(625): web_reg_find started  	[MsgId: MMSG-26355]
Action.c(625): Registering web_reg_find was successful  	[MsgId: MMSG-26390]
Action.c(626): web_custom_request("{userIdValue}") started  	[MsgId: MMSG-26355]
Action.c(626): Error -26612: HTTP Status-Code=500 (Internal Server Error) for "https://www.advantageonlineshopping.com/order/api/v1/orders/users/105923581"  	[MsgId: MERR-26612]
Action.c(626): Error -26366: "Text=order completed successfully" not found for web_reg_find  	[MsgId: MERR-26366]
End auto log messages stack.	[MsgId: MMSG-10544]


Start auto log messages stack - Iteration 19.	[MsgId: MMSG-10545]
Action.c(620): web_remove/revert_auto_header("X-Requested-With") was successful  	[MsgId: MMSG-26392]
Action.c(622): web_add_header("Authorization") started  	[MsgId: MMSG-26355]
Action.c(622): Warning -26594: The header being added may cause unpredictable results if applied to ALL the URLs generated on behalf of the next script function. It will apply to the primary URL only.  	[MsgId: MWAR-26594]
Action.c(622): web_add_header("Authorization") highest severity level was "warning"  	[MsgId: MMSG-26391]
Action.c(625): web_reg_find started  	[MsgId: MMSG-26355]
Action.c(625): Registering web_reg_find was successful  	[MsgId: MMSG-26390]
Action.c(626): web_custom_request("{userIdValue}") started  	[MsgId: MMSG-26355]
Action.c(626): Error -26612: HTTP Status-Code=500 (Internal Server Error) for "https://www.advantageonlineshopping.com/order/api/v1/orders/users/472380278"  	[MsgId: MERR-26612]
Action.c(626): Error -26366: "Text=order completed successfully" not found for web_reg_find  	[MsgId: MERR-26366]
End auto log messages stack.	[MsgId: MMSG-10544]


Start auto log messages stack - Iteration 27.	[MsgId: MMSG-10545]
Action.c(620): web_remove/revert_auto_header("X-Requested-With") was successful  	[MsgId: MMSG-26392]
Action.c(622): web_add_header("Authorization") started  	[MsgId: MMSG-26355]
Action.c(622): Warning -26594: The header being added may cause unpredictable results if applied to ALL the URLs generated on behalf of the next script function. It will apply to the primary URL only.  	[MsgId: MWAR-26594]
Action.c(622): web_add_header("Authorization") highest severity level was "warning"  	[MsgId: MMSG-26391]
Action.c(625): web_reg_find started  	[MsgId: MMSG-26355]
Action.c(625): Registering web_reg_find was successful  	[MsgId: MMSG-26390]
Action.c(626): web_custom_request("{userIdValue}") started  	[MsgId: MMSG-26355]
Action.c(626): Error -26612: HTTP Status-Code=500 (Internal Server Error) for "https://www.advantageonlineshopping.com/order/api/v1/orders/users/514978588"  	[MsgId: MERR-26612]
Action.c(626): Error -26366: "Text=order completed successfully" not found for web_reg_find  	[MsgId: MERR-26366]
End auto log messages stack.	[MsgId: MMSG-10544]


Start auto log messages stack - Iteration 28.	[MsgId: MMSG-10545]
Action.c(620): web_remove/revert_auto_header("X-Requested-With") was successful  	[MsgId: MMSG-26392]
Action.c(622): web_add_header("Authorization") started  	[MsgId: MMSG-26355]
Action.c(622): Warning -26594: The header being added may cause unpredictable results if applied to ALL the URLs generated on behalf of the next script function. It will apply to the primary URL only.  	[MsgId: MWAR-26594]
Action.c(622): web_add_header("Authorization") highest severity level was "warning"  	[MsgId: MMSG-26391]
Action.c(625): web_reg_find started  	[MsgId: MMSG-26355]
Action.c(625): Registering web_reg_find was successful  	[MsgId: MMSG-26390]
Action.c(626): web_custom_request("{userIdValue}") started  	[MsgId: MMSG-26355]
Action.c(626): Error -26612: HTTP Status-Code=500 (Internal Server Error) for "https://www.advantageonlineshopping.com/order/api/v1/orders/users/915458869"  	[MsgId: MERR-26612]
Action.c(626): Error -26366: "Text=order completed successfully" not found for web_reg_find  	[MsgId: MERR-26366]
End auto log messages stack.	[MsgId: MMSG-10544]


Start auto log messages stack - Iteration 29.	[MsgId: MMSG-10545]
Action.c(392): web_add_header("Origin") was successful  	[MsgId: MMSG-26392]
Action.c(398): web_add_header("Authorization") started  	[MsgId: MMSG-26355]
Action.c(398): Warning -26594: The header being added may cause unpredictable results if applied to ALL the URLs generated on behalf of the next script function. It will apply to the primary URL only.  	[MsgId: MWAR-26594]
Action.c(398): web_add_header("Authorization") highest severity level was "warning"  	[MsgId: MMSG-26391]
Action.c(400): web_reg_find started  	[MsgId: MMSG-26355]
Action.c(400): Registering web_reg_find was successful  	[MsgId: MMSG-26390]
Action.c(401): web_submit_data("{colorCode}") started  	[MsgId: MMSG-26355]
Action.c(401): Error -26612: HTTP Status-Code=500 (Internal Server Error) for "https://www.advantageonlineshopping.com/order/api/v1/carts/472380278/product/13/color/414141?quantity=1"  	[MsgId: MERR-26612]
Action.c(401): Error -26366: "Text=exists":true" not found for web_reg_find  	[MsgId: MERR-26366]
End auto log messages stack.	[MsgId: MMSG-10544]


Start auto log messages stack - Iteration 34.	[MsgId: MMSG-10545]
Action.c(620): web_remove/revert_auto_header("X-Requested-With") was successful  	[MsgId: MMSG-26392]
Action.c(622): web_add_header("Authorization") started  	[MsgId: MMSG-26355]
Action.c(622): Warning -26594: The header being added may cause unpredictable results if applied to ALL the URLs generated on behalf of the next script function. It will apply to the primary URL only.  	[MsgId: MWAR-26594]
Action.c(622): web_add_header("Authorization") highest severity level was "warning"  	[MsgId: MMSG-26391]
Action.c(625): web_reg_find started  	[MsgId: MMSG-26355]
Action.c(625): Registering web_reg_find was successful  	[MsgId: MMSG-26390]
Action.c(626): web_custom_request("{userIdValue}") started  	[MsgId: MMSG-26355]
Action.c(626): Error -26612: HTTP Status-Code=500 (Internal Server Error) for "https://www.advantageonlineshopping.com/order/api/v1/orders/users/514978588"  	[MsgId: MERR-26612]
Action.c(626): Error -26366: "Text=order completed successfully" not found for web_reg_find  	[MsgId: MERR-26366]
End auto log messages stack.	[MsgId: MMSG-10544]


