Start auto log messages stack - Iteration 18.	[MsgId: MMSG-10545]
Action.c(648): web_add_cookie was successful  	[MsgId: MMSG-26392]
Action.c(650): web_add_header("Authorization") started  	[MsgId: MMSG-26355]
Action.c(650): Warning -26594: The header being added may cause unpredictable results if applied to ALL the URLs generated on behalf of the next script function. It will apply to the primary URL only.  	[MsgId: MWAR-26594]
Action.c(650): web_add_header("Authorization") highest severity level was "warning"  	[MsgId: MMSG-26391]
Action.c(653): web_reg_find started  	[MsgId: MMSG-26355]
Action.c(653): Registering web_reg_find was successful  	[MsgId: MMSG-26390]
Action.c(654): web_custom_request("{userIdValue}") started  	[MsgId: MMSG-26355]
Action.c(654): Error -26612: HTTP Status-Code=500 (Internal Server Error) for "https://www.advantageonlineshopping.com/order/api/v1/carts/863961559"  	[MsgId: MERR-26612]
Action.c(654): Error -26366: "Text="userId":863961559" not found for web_reg_find  	[MsgId: MERR-26366]
End auto log messages stack.	[MsgId: MMSG-10544]


Start auto log messages stack - Iteration 21.	[MsgId: MMSG-10545]
Action.c(648): web_add_cookie was successful  	[MsgId: MMSG-26392]
Action.c(650): web_add_header("Authorization") started  	[MsgId: MMSG-26355]
Action.c(650): Warning -26594: The header being added may cause unpredictable results if applied to ALL the URLs generated on behalf of the next script function. It will apply to the primary URL only.  	[MsgId: MWAR-26594]
Action.c(650): web_add_header("Authorization") highest severity level was "warning"  	[MsgId: MMSG-26391]
Action.c(653): web_reg_find started  	[MsgId: MMSG-26355]
Action.c(653): Registering web_reg_find was successful  	[MsgId: MMSG-26390]
Action.c(654): web_custom_request("{userIdValue}") started  	[MsgId: MMSG-26355]
Action.c(654): Error -26612: HTTP Status-Code=500 (Internal Server Error) for "https://www.advantageonlineshopping.com/order/api/v1/carts/939132128"  	[MsgId: MERR-26612]
Action.c(654): Error -26366: "Text="userId":939132128" not found for web_reg_find  	[MsgId: MERR-26366]
End auto log messages stack.	[MsgId: MMSG-10544]


Start auto log messages stack - Iteration 9.	[MsgId: MMSG-10545]
Action.c(413): Notify: Transaction "add_to_card" ended with a "Pass" status (Duration: 2,0687 Wasted Time: 0,0000).	[MsgId: MMSG-16871]
Action.c(416): lr_think_time: 5,00 seconds.	[MsgId: MMSG-15948]
Action.c(419): Notify: Transaction "go_to_basket" started.	[MsgId: MMSG-16999]
Action.c(421): web_add_header("Authorization") started  	[MsgId: MMSG-26355]
Action.c(421): Warning -26594: The header being added may cause unpredictable results if applied to ALL the URLs generated on behalf of the next script function. It will apply to the primary URL only.  	[MsgId: MWAR-26594]
Action.c(421): web_add_header("Authorization") highest severity level was "warning"  	[MsgId: MMSG-26391]
Action.c(424): web_reg_find started  	[MsgId: MMSG-26355]
Action.c(424): Registering web_reg_find was successful  	[MsgId: MMSG-26390]
Action.c(425): web_url("{userIdValue}") started  	[MsgId: MMSG-26355]
Action.c(425): Error -27760: Request "https://www.advantageonlineshopping.com/order/api/v1/carts/720692432" failed  	[MsgId: MERR-27760]
Action.c(425): Error -26366: "Text="userId":720692432" not found for web_reg_find  	[MsgId: MERR-26366]
Action.c(425): Error -26374: The above "not found" error(s) may be explained by header and body byte counts being 0 and 0, respectively.  	[MsgId: MERR-26374]
End auto log messages stack.	[MsgId: MMSG-10544]


Start auto log messages stack - Iteration 10.	[MsgId: MMSG-10545]
Action.c(599): web_add_header("SOAPAction") was successful  	[MsgId: MMSG-26392]
Action.c(602): web_reg_find started  	[MsgId: MMSG-26355]
Action.c(602): Registering web_reg_find was successful  	[MsgId: MMSG-26390]
Action.c(603): web_custom_request("AddSafePayMethodRequest") started  	[MsgId: MMSG-26355]
Action.c(603): Connection to www.advantageonlineshopping.com:443 closed after being inactive for 64 seconds, exceeding the "HTTP Keep-Alive timeout" Runtime Setting (60 seconds). URL="[None]"  	[MsgId: MMSG-27647]
Action.c(603): Connection to www.googletagmanager.com:443 closed after being inactive for 63 seconds, exceeding the "HTTP Keep-Alive timeout" Runtime Setting (60 seconds). URL="[None]"  	[MsgId: MMSG-27647]
Action.c(603): Error -27792: Failed to connect to server "www.advantageonlineshopping.com:443": [10060] Connection timed out  	[MsgId: MERR-27792]
Action.c(603): Error -26366: "Text=SafePay data updated successfully" not found for web_reg_find  	[MsgId: MERR-26366]
Action.c(603): Error -26374: The above "not found" error(s) may be explained by header and body byte counts being 0 and 0, respectively.  	[MsgId: MERR-26374]
End auto log messages stack.	[MsgId: MMSG-10544]


Start auto log messages stack - Iteration 11.	[MsgId: MMSG-10545]
Action.c(620): web_remove/revert_auto_header("X-Requested-With") was successful  	[MsgId: MMSG-26392]
Action.c(622): web_add_header("Authorization") started  	[MsgId: MMSG-26355]
Action.c(622): Warning -26594: The header being added may cause unpredictable results if applied to ALL the URLs generated on behalf of the next script function. It will apply to the primary URL only.  	[MsgId: MWAR-26594]
Action.c(622): web_add_header("Authorization") highest severity level was "warning"  	[MsgId: MMSG-26391]
Action.c(625): web_reg_find started  	[MsgId: MMSG-26355]
Action.c(625): Registering web_reg_find was successful  	[MsgId: MMSG-26390]
Action.c(626): web_custom_request("{userIdValue}") started  	[MsgId: MMSG-26355]
Action.c(626): Error -26612: HTTP Status-Code=500 (Internal Server Error) for "https://www.advantageonlineshopping.com/order/api/v1/orders/users/410051774"  	[MsgId: MERR-26612]
Action.c(626): Error -26366: "Text=order completed successfully" not found for web_reg_find  	[MsgId: MERR-26366]
End auto log messages stack.	[MsgId: MMSG-10544]


Start auto log messages stack - Iteration 3.	[MsgId: MMSG-10545]
Action.c(52): Downloading resource "https://www.advantageonlineshopping.com/catalog/fetchImage?image_id=3200" (specified by argument number 25)  	[MsgId: MMSG-26577]
Action.c(52): Downloading resource "https://www.advantageonlineshopping.com/css/images/category_banner_3.png" (specified by argument number 27)  	[MsgId: MMSG-26577]
Action.c(52): Downloading resource "https://www.advantageonlineshopping.com/catalog/fetchImage?image_id=3300" (specified by argument number 29)  	[MsgId: MMSG-26577]
Action.c(52): Downloading resource "https://www.advantageonlineshopping.com/catalog/fetchImage?image_id=3202" (specified by argument number 31)  	[MsgId: MMSG-26577]
Action.c(52): Downloading resource "https://www.advantageonlineshopping.com/catalog/fetchImage?image_id=3201" (specified by argument number 33)  	[MsgId: MMSG-26577]
Action.c(52): Error -27644: Step download timeout (120 seconds) has expired when only cross-step downloads (0) were active  	[MsgId: MERR-27644]
End auto log messages stack.	[MsgId: MMSG-10544]


Start auto log messages stack - Iteration 28.	[MsgId: MMSG-10545]
Action.c(52): Downloading resource "https://www.advantageonlineshopping.com/catalog/fetchImage?image_id=3200" (specified by argument number 25)  	[MsgId: MMSG-26577]
Action.c(52): Downloading resource "https://www.advantageonlineshopping.com/css/images/category_banner_3.png" (specified by argument number 27)  	[MsgId: MMSG-26577]
Action.c(52): Downloading resource "https://www.advantageonlineshopping.com/catalog/fetchImage?image_id=3300" (specified by argument number 29)  	[MsgId: MMSG-26577]
Action.c(52): Downloading resource "https://www.advantageonlineshopping.com/catalog/fetchImage?image_id=3202" (specified by argument number 31)  	[MsgId: MMSG-26577]
Action.c(52): Downloading resource "https://www.advantageonlineshopping.com/catalog/fetchImage?image_id=3201" (specified by argument number 33)  	[MsgId: MMSG-26577]
Action.c(52): Error -27644: Step download timeout (120 seconds) has expired when only cross-step downloads (0) were active  	[MsgId: MERR-27644]
End auto log messages stack.	[MsgId: MMSG-10544]


Start auto log messages stack - Iteration 16.	[MsgId: MMSG-10545]
Action.c(52): Downloading resource "https://www.advantageonlineshopping.com/catalog/fetchImage?image_id=3200" (specified by argument number 25)  	[MsgId: MMSG-26577]
Action.c(52): Downloading resource "https://www.advantageonlineshopping.com/css/images/category_banner_3.png" (specified by argument number 27)  	[MsgId: MMSG-26577]
Action.c(52): Downloading resource "https://www.advantageonlineshopping.com/catalog/fetchImage?image_id=3300" (specified by argument number 29)  	[MsgId: MMSG-26577]
Action.c(52): Downloading resource "https://www.advantageonlineshopping.com/catalog/fetchImage?image_id=3202" (specified by argument number 31)  	[MsgId: MMSG-26577]
Action.c(52): Downloading resource "https://www.advantageonlineshopping.com/catalog/fetchImage?image_id=3201" (specified by argument number 33)  	[MsgId: MMSG-26577]
Action.c(52): Error -27644: Step download timeout (120 seconds) has expired when only cross-step downloads (0) were active  	[MsgId: MERR-27644]
End auto log messages stack.	[MsgId: MMSG-10544]


Start auto log messages stack - Iteration 17.	[MsgId: MMSG-10545]
Action.c(52): Downloading resource "https://www.advantageonlineshopping.com/catalog/fetchImage?image_id=3200" (specified by argument number 25)  	[MsgId: MMSG-26577]
Action.c(52): Downloading resource "https://www.advantageonlineshopping.com/css/images/category_banner_3.png" (specified by argument number 27)  	[MsgId: MMSG-26577]
Action.c(52): Downloading resource "https://www.advantageonlineshopping.com/catalog/fetchImage?image_id=3300" (specified by argument number 29)  	[MsgId: MMSG-26577]
Action.c(52): Downloading resource "https://www.advantageonlineshopping.com/catalog/fetchImage?image_id=3202" (specified by argument number 31)  	[MsgId: MMSG-26577]
Action.c(52): Downloading resource "https://www.advantageonlineshopping.com/catalog/fetchImage?image_id=3201" (specified by argument number 33)  	[MsgId: MMSG-26577]
Action.c(52): Error -27644: Step download timeout (120 seconds) has expired when only cross-step downloads (0) were active  	[MsgId: MERR-27644]
End auto log messages stack.	[MsgId: MMSG-10544]


Start auto log messages stack - Iteration 4.	[MsgId: MMSG-10545]
Action.c(52): Downloading resource "https://www.advantageonlineshopping.com/catalog/fetchImage?image_id=3200" (specified by argument number 25)  	[MsgId: MMSG-26577]
Action.c(52): Downloading resource "https://www.advantageonlineshopping.com/css/images/category_banner_3.png" (specified by argument number 27)  	[MsgId: MMSG-26577]
Action.c(52): Downloading resource "https://www.advantageonlineshopping.com/catalog/fetchImage?image_id=3300" (specified by argument number 29)  	[MsgId: MMSG-26577]
Action.c(52): Downloading resource "https://www.advantageonlineshopping.com/catalog/fetchImage?image_id=3202" (specified by argument number 31)  	[MsgId: MMSG-26577]
Action.c(52): Downloading resource "https://www.advantageonlineshopping.com/catalog/fetchImage?image_id=3201" (specified by argument number 33)  	[MsgId: MMSG-26577]
Action.c(52): Error -27644: Step download timeout (120 seconds) has expired when only cross-step downloads (0) were active  	[MsgId: MERR-27644]
End auto log messages stack.	[MsgId: MMSG-10544]


Start auto log messages stack - Iteration 30.	[MsgId: MMSG-10545]
Action.c(52): Downloading resource "https://www.advantageonlineshopping.com/catalog/fetchImage?image_id=3200" (specified by argument number 25)  	[MsgId: MMSG-26577]
Action.c(52): Downloading resource "https://www.advantageonlineshopping.com/css/images/category_banner_3.png" (specified by argument number 27)  	[MsgId: MMSG-26577]
Action.c(52): Downloading resource "https://www.advantageonlineshopping.com/catalog/fetchImage?image_id=3300" (specified by argument number 29)  	[MsgId: MMSG-26577]
Action.c(52): Downloading resource "https://www.advantageonlineshopping.com/catalog/fetchImage?image_id=3202" (specified by argument number 31)  	[MsgId: MMSG-26577]
Action.c(52): Downloading resource "https://www.advantageonlineshopping.com/catalog/fetchImage?image_id=3201" (specified by argument number 33)  	[MsgId: MMSG-26577]
Action.c(52): Error -27644: Step download timeout (120 seconds) has expired when only cross-step downloads (0) were active  	[MsgId: MERR-27644]
End auto log messages stack.	[MsgId: MMSG-10544]


Start auto log messages stack - Iteration 18.	[MsgId: MMSG-10545]
Action.c(52): Downloading resource "https://www.advantageonlineshopping.com/catalog/fetchImage?image_id=3200" (specified by argument number 25)  	[MsgId: MMSG-26577]
Action.c(52): Downloading resource "https://www.advantageonlineshopping.com/css/images/category_banner_3.png" (specified by argument number 27)  	[MsgId: MMSG-26577]
Action.c(52): Downloading resource "https://www.advantageonlineshopping.com/catalog/fetchImage?image_id=3300" (specified by argument number 29)  	[MsgId: MMSG-26577]
Action.c(52): Downloading resource "https://www.advantageonlineshopping.com/catalog/fetchImage?image_id=3202" (specified by argument number 31)  	[MsgId: MMSG-26577]
Action.c(52): Downloading resource "https://www.advantageonlineshopping.com/catalog/fetchImage?image_id=3201" (specified by argument number 33)  	[MsgId: MMSG-26577]
Action.c(52): Error -27644: Step download timeout (120 seconds) has expired when only cross-step downloads (0) were active  	[MsgId: MERR-27644]
End auto log messages stack.	[MsgId: MMSG-10544]


Start auto log messages stack - Iteration 5.	[MsgId: MMSG-10545]
Action.c(52): Downloading resource "https://www.advantageonlineshopping.com/catalog/fetchImage?image_id=3200" (specified by argument number 25)  	[MsgId: MMSG-26577]
Action.c(52): Downloading resource "https://www.advantageonlineshopping.com/css/images/category_banner_3.png" (specified by argument number 27)  	[MsgId: MMSG-26577]
Action.c(52): Downloading resource "https://www.advantageonlineshopping.com/catalog/fetchImage?image_id=3300" (specified by argument number 29)  	[MsgId: MMSG-26577]
Action.c(52): Downloading resource "https://www.advantageonlineshopping.com/catalog/fetchImage?image_id=3202" (specified by argument number 31)  	[MsgId: MMSG-26577]
Action.c(52): Downloading resource "https://www.advantageonlineshopping.com/catalog/fetchImage?image_id=3201" (specified by argument number 33)  	[MsgId: MMSG-26577]
Action.c(52): Error -27644: Step download timeout (120 seconds) has expired when only cross-step downloads (0) were active  	[MsgId: MERR-27644]
End auto log messages stack.	[MsgId: MMSG-10544]


Start auto log messages stack - Iteration 5.	[MsgId: MMSG-10545]
Action.c(52): Downloading resource "https://www.advantageonlineshopping.com/catalog/fetchImage?image_id=3200" (specified by argument number 25)  	[MsgId: MMSG-26577]
Action.c(52): Downloading resource "https://www.advantageonlineshopping.com/css/images/category_banner_3.png" (specified by argument number 27)  	[MsgId: MMSG-26577]
Action.c(52): Downloading resource "https://www.advantageonlineshopping.com/catalog/fetchImage?image_id=3300" (specified by argument number 29)  	[MsgId: MMSG-26577]
Action.c(52): Downloading resource "https://www.advantageonlineshopping.com/catalog/fetchImage?image_id=3202" (specified by argument number 31)  	[MsgId: MMSG-26577]
Action.c(52): Downloading resource "https://www.advantageonlineshopping.com/catalog/fetchImage?image_id=3201" (specified by argument number 33)  	[MsgId: MMSG-26577]
Action.c(52): Error -27644: Step download timeout (120 seconds) has expired when only cross-step downloads (0) were active  	[MsgId: MERR-27644]
End auto log messages stack.	[MsgId: MMSG-10544]


Start auto log messages stack - Iteration 18.	[MsgId: MMSG-10545]
Action.c(52): Downloading resource "https://www.advantageonlineshopping.com/catalog/fetchImage?image_id=3200" (specified by argument number 25)  	[MsgId: MMSG-26577]
Action.c(52): Downloading resource "https://www.advantageonlineshopping.com/css/images/category_banner_3.png" (specified by argument number 27)  	[MsgId: MMSG-26577]
Action.c(52): Downloading resource "https://www.advantageonlineshopping.com/catalog/fetchImage?image_id=3300" (specified by argument number 29)  	[MsgId: MMSG-26577]
Action.c(52): Downloading resource "https://www.advantageonlineshopping.com/catalog/fetchImage?image_id=3202" (specified by argument number 31)  	[MsgId: MMSG-26577]
Action.c(52): Downloading resource "https://www.advantageonlineshopping.com/catalog/fetchImage?image_id=3201" (specified by argument number 33)  	[MsgId: MMSG-26577]
Action.c(52): Error -27644: Step download timeout (120 seconds) has expired when only cross-step downloads (0) were active  	[MsgId: MERR-27644]
End auto log messages stack.	[MsgId: MMSG-10544]


Start auto log messages stack - Iteration 5.	[MsgId: MMSG-10545]
Action.c(52): Downloading resource "https://www.advantageonlineshopping.com/catalog/fetchImage?image_id=3200" (specified by argument number 25)  	[MsgId: MMSG-26577]
Action.c(52): Downloading resource "https://www.advantageonlineshopping.com/css/images/category_banner_3.png" (specified by argument number 27)  	[MsgId: MMSG-26577]
Action.c(52): Downloading resource "https://www.advantageonlineshopping.com/catalog/fetchImage?image_id=3300" (specified by argument number 29)  	[MsgId: MMSG-26577]
Action.c(52): Downloading resource "https://www.advantageonlineshopping.com/catalog/fetchImage?image_id=3202" (specified by argument number 31)  	[MsgId: MMSG-26577]
Action.c(52): Downloading resource "https://www.advantageonlineshopping.com/catalog/fetchImage?image_id=3201" (specified by argument number 33)  	[MsgId: MMSG-26577]
Action.c(52): Error -27644: Step download timeout (120 seconds) has expired when only cross-step downloads (0) were active  	[MsgId: MERR-27644]
End auto log messages stack.	[MsgId: MMSG-10544]


Start auto log messages stack - Iteration 19.	[MsgId: MMSG-10545]
Action.c(52): Downloading resource "https://www.advantageonlineshopping.com/catalog/fetchImage?image_id=3200" (specified by argument number 25)  	[MsgId: MMSG-26577]
Action.c(52): Downloading resource "https://www.advantageonlineshopping.com/css/images/category_banner_3.png" (specified by argument number 27)  	[MsgId: MMSG-26577]
Action.c(52): Downloading resource "https://www.advantageonlineshopping.com/catalog/fetchImage?image_id=3300" (specified by argument number 29)  	[MsgId: MMSG-26577]
Action.c(52): Downloading resource "https://www.advantageonlineshopping.com/catalog/fetchImage?image_id=3202" (specified by argument number 31)  	[MsgId: MMSG-26577]
Action.c(52): Downloading resource "https://www.advantageonlineshopping.com/catalog/fetchImage?image_id=3201" (specified by argument number 33)  	[MsgId: MMSG-26577]
Action.c(52): Error -27644: Step download timeout (120 seconds) has expired when only cross-step downloads (0) were active  	[MsgId: MERR-27644]
End auto log messages stack.	[MsgId: MMSG-10544]


Start auto log messages stack - Iteration 6.	[MsgId: MMSG-10545]
Action.c(52): Downloading resource "https://www.advantageonlineshopping.com/catalog/fetchImage?image_id=3200" (specified by argument number 25)  	[MsgId: MMSG-26577]
Action.c(52): Downloading resource "https://www.advantageonlineshopping.com/css/images/category_banner_3.png" (specified by argument number 27)  	[MsgId: MMSG-26577]
Action.c(52): Downloading resource "https://www.advantageonlineshopping.com/catalog/fetchImage?image_id=3300" (specified by argument number 29)  	[MsgId: MMSG-26577]
Action.c(52): Downloading resource "https://www.advantageonlineshopping.com/catalog/fetchImage?image_id=3202" (specified by argument number 31)  	[MsgId: MMSG-26577]
Action.c(52): Downloading resource "https://www.advantageonlineshopping.com/catalog/fetchImage?image_id=3201" (specified by argument number 33)  	[MsgId: MMSG-26577]
Action.c(52): Error -27644: Step download timeout (120 seconds) has expired when only cross-step downloads (0) were active  	[MsgId: MERR-27644]
End auto log messages stack.	[MsgId: MMSG-10544]


Start auto log messages stack - Iteration 6.	[MsgId: MMSG-10545]
Action.c(52): Downloading resource "https://www.advantageonlineshopping.com/catalog/fetchImage?image_id=3200" (specified by argument number 25)  	[MsgId: MMSG-26577]
Action.c(52): Downloading resource "https://www.advantageonlineshopping.com/css/images/category_banner_3.png" (specified by argument number 27)  	[MsgId: MMSG-26577]
Action.c(52): Downloading resource "https://www.advantageonlineshopping.com/catalog/fetchImage?image_id=3300" (specified by argument number 29)  	[MsgId: MMSG-26577]
Action.c(52): Downloading resource "https://www.advantageonlineshopping.com/catalog/fetchImage?image_id=3202" (specified by argument number 31)  	[MsgId: MMSG-26577]
Action.c(52): Downloading resource "https://www.advantageonlineshopping.com/catalog/fetchImage?image_id=3201" (specified by argument number 33)  	[MsgId: MMSG-26577]
Action.c(52): Error -27644: Step download timeout (120 seconds) has expired when only cross-step downloads (0) were active  	[MsgId: MERR-27644]
End auto log messages stack.	[MsgId: MMSG-10544]


Start auto log messages stack - Iteration 20.	[MsgId: MMSG-10545]
Action.c(591): Notify: Transaction "go_to_basket" ended with a "Pass" status (Duration: 24,0343 Wasted Time: 0,0002).	[MsgId: MMSG-16871]
Action.c(594): lr_think_time: 5,00 seconds.	[MsgId: MMSG-15948]
Action.c(597): Notify: Transaction "payment" started.	[MsgId: MMSG-16999]
Action.c(599): web_add_header("SOAPAction") started  	[MsgId: MMSG-26355]
Action.c(599): web_add_header("SOAPAction") was successful  	[MsgId: MMSG-26392]
Action.c(602): web_reg_find started  	[MsgId: MMSG-26355]
Action.c(602): Registering web_reg_find was successful  	[MsgId: MMSG-26390]
Action.c(603): web_custom_request("AddSafePayMethodRequest") started  	[MsgId: MMSG-26355]
Action.c(603): Connection to www.advantageonlineshopping.com:443 closed after being inactive for 67 seconds, exceeding the "HTTP Keep-Alive timeout" Runtime Setting (60 seconds). URL="[None]"  	[MsgId: MMSG-27647]
Action.c(603): Error -27792: Failed to connect to server "www.advantageonlineshopping.com:443": [10060] Connection timed out  	[MsgId: MERR-27792]
Action.c(603): Error -26366: "Text=SafePay data updated successfully" not found for web_reg_find  	[MsgId: MERR-26366]
Action.c(603): Error -26374: The above "not found" error(s) may be explained by header and body byte counts being 0 and 0, respectively.  	[MsgId: MERR-26374]
End auto log messages stack.	[MsgId: MMSG-10544]


Start auto log messages stack - Iteration 33.	[MsgId: MMSG-10545]
Action.c(52): Downloading resource "https://www.advantageonlineshopping.com/catalog/fetchImage?image_id=3200" (specified by argument number 25)  	[MsgId: MMSG-26577]
Action.c(52): Downloading resource "https://www.advantageonlineshopping.com/css/images/category_banner_3.png" (specified by argument number 27)  	[MsgId: MMSG-26577]
Action.c(52): Downloading resource "https://www.advantageonlineshopping.com/catalog/fetchImage?image_id=3300" (specified by argument number 29)  	[MsgId: MMSG-26577]
Action.c(52): Downloading resource "https://www.advantageonlineshopping.com/catalog/fetchImage?image_id=3202" (specified by argument number 31)  	[MsgId: MMSG-26577]
Action.c(52): Downloading resource "https://www.advantageonlineshopping.com/catalog/fetchImage?image_id=3201" (specified by argument number 33)  	[MsgId: MMSG-26577]
Action.c(52): Error -27644: Step download timeout (120 seconds) has expired when only cross-step downloads (0) were active  	[MsgId: MERR-27644]
End auto log messages stack.	[MsgId: MMSG-10544]


Start auto log messages stack - Iteration 21.	[MsgId: MMSG-10545]
Action.c(52): Downloading resource "https://www.advantageonlineshopping.com/catalog/fetchImage?image_id=3200" (specified by argument number 25)  	[MsgId: MMSG-26577]
Action.c(52): Downloading resource "https://www.advantageonlineshopping.com/css/images/category_banner_3.png" (specified by argument number 27)  	[MsgId: MMSG-26577]
Action.c(52): Downloading resource "https://www.advantageonlineshopping.com/catalog/fetchImage?image_id=3300" (specified by argument number 29)  	[MsgId: MMSG-26577]
Action.c(52): Downloading resource "https://www.advantageonlineshopping.com/catalog/fetchImage?image_id=3202" (specified by argument number 31)  	[MsgId: MMSG-26577]
Action.c(52): Downloading resource "https://www.advantageonlineshopping.com/catalog/fetchImage?image_id=3201" (specified by argument number 33)  	[MsgId: MMSG-26577]
Action.c(52): Error -27644: Step download timeout (120 seconds) has expired when only cross-step downloads (0) were active  	[MsgId: MERR-27644]
End auto log messages stack.	[MsgId: MMSG-10544]


Start auto log messages stack - Iteration 21.	[MsgId: MMSG-10545]
Action.c(348): web_url("all_data") started  	[MsgId: MMSG-26355]
Action.c(348): Registered web_reg_find successful for "Text=categoryId" (count=59)  	[MsgId: MMSG-26364]
Action.c(348): web_url("all_data") was successful, 8833 body bytes, 375 header bytes  	[MsgId: MMSG-26386]
Action.c(359): web_reg_find started  	[MsgId: MMSG-26355]
Action.c(359): Registering web_reg_find was successful  	[MsgId: MMSG-26390]
Action.c(360): web_url("products_2") started  	[MsgId: MMSG-26355]
Action.c(360): Connection to www.advantageonlineshopping.com:443 closed after being inactive for 93 seconds, exceeding the "HTTP Keep-Alive timeout" Runtime Setting (60 seconds). URL="[None]"  	[MsgId: MMSG-27647]
Action.c(360): Error -27792: Failed to connect to server "www.advantageonlineshopping.com:443": [10060] Connection timed out  	[MsgId: MERR-27792]
Action.c(360): Error -26366: "Text=categoryId":1" not found for web_reg_find  	[MsgId: MERR-26366]
Action.c(360): Error -26374: The above "not found" error(s) may be explained by header and body byte counts being 0 and 0, respectively.  	[MsgId: MERR-26374]
End auto log messages stack.	[MsgId: MMSG-10544]


Start auto log messages stack - Iteration 34.	[MsgId: MMSG-10545]
Action.c(425): web_url("{userIdValue}") was successful, 241 body bytes, 375 header bytes  	[MsgId: MMSG-26386]
Action.c(436): web_reg_find started  	[MsgId: MMSG-26355]
Action.c(436): Registering web_reg_find was successful  	[MsgId: MMSG-26390]
Action.c(437): web_url("shoppingCart.html") started  	[MsgId: MMSG-26355]
Action.c(437): Found resource "https://www.advantageonlineshopping.com/css/images/Master_credit.png" in HTML "https://www.advantageonlineshopping.com/app/views/shoppingCart.html"  	[MsgId: MMSG-26659]
Action.c(437): Found resource "https://www.advantageonlineshopping.com/css/images/SafePay.png" in HTML "https://www.advantageonlineshopping.com/app/views/shoppingCart.html"  	[MsgId: MMSG-26659]
Action.c(437): Error -27644: Step download timeout (120 seconds) has expired when only cross-step downloads (0) were active  	[MsgId: MERR-27644]
End auto log messages stack.	[MsgId: MMSG-10544]


Start auto log messages stack - Iteration 2.	[MsgId: MMSG-10545]
Action.c(52): Downloading resource "https://www.advantageonlineshopping.com/css/images/category_banner_3.png" (specified by argument number 27)  	[MsgId: MMSG-26577]
Action.c(52): Downloading resource "https://www.advantageonlineshopping.com/catalog/fetchImage?image_id=3300" (specified by argument number 29)  	[MsgId: MMSG-26577]
Action.c(52): Downloading resource "https://www.advantageonlineshopping.com/catalog/fetchImage?image_id=3202" (specified by argument number 31)  	[MsgId: MMSG-26577]
Action.c(52): Downloading resource "https://www.advantageonlineshopping.com/catalog/fetchImage?image_id=3201" (specified by argument number 33)  	[MsgId: MMSG-26577]
Action.c(52): Warning -27760: Request "https://www.advantageonlineshopping.com/main.min.js" failed  	[MsgId: MWAR-27760]
Action.c(52): Error -27644: Step download timeout (120 seconds) has expired when only cross-step downloads (0) were active  	[MsgId: MERR-27644]
End auto log messages stack.	[MsgId: MMSG-10544]


Start auto log messages stack - Iteration 11.	[MsgId: MMSG-10545]
Action.c(52): Downloading resource "https://www.advantageonlineshopping.com/catalog/fetchImage?image_id=3200" (specified by argument number 25)  	[MsgId: MMSG-26577]
Action.c(52): Downloading resource "https://www.advantageonlineshopping.com/css/images/category_banner_3.png" (specified by argument number 27)  	[MsgId: MMSG-26577]
Action.c(52): Downloading resource "https://www.advantageonlineshopping.com/catalog/fetchImage?image_id=3300" (specified by argument number 29)  	[MsgId: MMSG-26577]
Action.c(52): Downloading resource "https://www.advantageonlineshopping.com/catalog/fetchImage?image_id=3202" (specified by argument number 31)  	[MsgId: MMSG-26577]
Action.c(52): Downloading resource "https://www.advantageonlineshopping.com/catalog/fetchImage?image_id=3201" (specified by argument number 33)  	[MsgId: MMSG-26577]
Action.c(52): Error -27644: Step download timeout (120 seconds) has expired when only cross-step downloads (0) were active  	[MsgId: MERR-27644]
End auto log messages stack.	[MsgId: MMSG-10544]


Start auto log messages stack - Iteration 22.	[MsgId: MMSG-10545]
Action.c(52): Downloading resource "https://www.advantageonlineshopping.com/catalog/fetchImage?image_id=3200" (specified by argument number 25)  	[MsgId: MMSG-26577]
Action.c(52): Downloading resource "https://www.advantageonlineshopping.com/css/images/category_banner_3.png" (specified by argument number 27)  	[MsgId: MMSG-26577]
Action.c(52): Downloading resource "https://www.advantageonlineshopping.com/catalog/fetchImage?image_id=3300" (specified by argument number 29)  	[MsgId: MMSG-26577]
Action.c(52): Downloading resource "https://www.advantageonlineshopping.com/catalog/fetchImage?image_id=3202" (specified by argument number 31)  	[MsgId: MMSG-26577]
Action.c(52): Downloading resource "https://www.advantageonlineshopping.com/catalog/fetchImage?image_id=3201" (specified by argument number 33)  	[MsgId: MMSG-26577]
Action.c(52): Error -27644: Step download timeout (120 seconds) has expired when only cross-step downloads (0) were active  	[MsgId: MERR-27644]
End auto log messages stack.	[MsgId: MMSG-10544]


Start auto log messages stack - Iteration 36.	[MsgId: MMSG-10545]
Action.c(52): Downloading resource "https://www.advantageonlineshopping.com/catalog/fetchImage?image_id=3200" (specified by argument number 25)  	[MsgId: MMSG-26577]
Action.c(52): Downloading resource "https://www.advantageonlineshopping.com/css/images/category_banner_3.png" (specified by argument number 27)  	[MsgId: MMSG-26577]
Action.c(52): Downloading resource "https://www.advantageonlineshopping.com/catalog/fetchImage?image_id=3300" (specified by argument number 29)  	[MsgId: MMSG-26577]
Action.c(52): Downloading resource "https://www.advantageonlineshopping.com/catalog/fetchImage?image_id=3202" (specified by argument number 31)  	[MsgId: MMSG-26577]
Action.c(52): Downloading resource "https://www.advantageonlineshopping.com/catalog/fetchImage?image_id=3201" (specified by argument number 33)  	[MsgId: MMSG-26577]
Action.c(52): Error -27644: Step download timeout (120 seconds) has expired when only cross-step downloads (0) were active  	[MsgId: MERR-27644]
End auto log messages stack.	[MsgId: MMSG-10544]


Start auto log messages stack - Iteration 2.	[MsgId: MMSG-10545]
Action.c(52): Warning -27760: Request "https://www.googletagmanager.com/gtag/js?id=G-TBPYED8WSW" failed  	[MsgId: MWAR-27760]
Action.c(52): Warning -27760: Request "https://www.advantageonlineshopping.com/catalog/fetchImage?image_id=3200" failed  	[MsgId: MWAR-27760]
Action.c(52): Warning -27760: Request "https://www.advantageonlineshopping.com/catalog/fetchImage?image_id=3201" failed  	[MsgId: MWAR-27760]
Action.c(52): Warning -27760: Request "https://www.advantageonlineshopping.com/css/images/category_banner_3.png" failed  	[MsgId: MWAR-27760]
Action.c(52): Warning -27760: Request "https://www.advantageonlineshopping.com/catalog/fetchImage?image_id=3300" failed  	[MsgId: MWAR-27760]
Action.c(52): Error -27644: Step download timeout (120 seconds) has expired when only cross-step downloads (0) were active  	[MsgId: MERR-27644]
End auto log messages stack.	[MsgId: MMSG-10544]


Start auto log messages stack - Iteration 11.	[MsgId: MMSG-10545]
Action.c(52): Downloading resource "https://www.advantageonlineshopping.com/catalog/fetchImage?image_id=3200" (specified by argument number 25)  	[MsgId: MMSG-26577]
Action.c(52): Downloading resource "https://www.advantageonlineshopping.com/css/images/category_banner_3.png" (specified by argument number 27)  	[MsgId: MMSG-26577]
Action.c(52): Downloading resource "https://www.advantageonlineshopping.com/catalog/fetchImage?image_id=3300" (specified by argument number 29)  	[MsgId: MMSG-26577]
Action.c(52): Downloading resource "https://www.advantageonlineshopping.com/catalog/fetchImage?image_id=3202" (specified by argument number 31)  	[MsgId: MMSG-26577]
Action.c(52): Downloading resource "https://www.advantageonlineshopping.com/catalog/fetchImage?image_id=3201" (specified by argument number 33)  	[MsgId: MMSG-26577]
Action.c(52): Error -27644: Step download timeout (120 seconds) has expired when only cross-step downloads (0) were active  	[MsgId: MERR-27644]
End auto log messages stack.	[MsgId: MMSG-10544]


Start auto log messages stack - Iteration 25.	[MsgId: MMSG-10545]
Action.c(52): Downloading resource "https://www.advantageonlineshopping.com/catalog/fetchImage?image_id=3200" (specified by argument number 25)  	[MsgId: MMSG-26577]
Action.c(52): Downloading resource "https://www.advantageonlineshopping.com/css/images/category_banner_3.png" (specified by argument number 27)  	[MsgId: MMSG-26577]
Action.c(52): Downloading resource "https://www.advantageonlineshopping.com/catalog/fetchImage?image_id=3300" (specified by argument number 29)  	[MsgId: MMSG-26577]
Action.c(52): Downloading resource "https://www.advantageonlineshopping.com/catalog/fetchImage?image_id=3202" (specified by argument number 31)  	[MsgId: MMSG-26577]
Action.c(52): Downloading resource "https://www.advantageonlineshopping.com/catalog/fetchImage?image_id=3201" (specified by argument number 33)  	[MsgId: MMSG-26577]
Action.c(52): Error -27644: Step download timeout (120 seconds) has expired when only cross-step downloads (0) were active  	[MsgId: MERR-27644]
End auto log messages stack.	[MsgId: MMSG-10544]


Start auto log messages stack - Iteration 36.	[MsgId: MMSG-10545]
Action.c(52): Downloading resource "https://www.advantageonlineshopping.com/catalog/fetchImage?image_id=3200" (specified by argument number 25)  	[MsgId: MMSG-26577]
Action.c(52): Downloading resource "https://www.advantageonlineshopping.com/css/images/category_banner_3.png" (specified by argument number 27)  	[MsgId: MMSG-26577]
Action.c(52): Downloading resource "https://www.advantageonlineshopping.com/catalog/fetchImage?image_id=3300" (specified by argument number 29)  	[MsgId: MMSG-26577]
Action.c(52): Downloading resource "https://www.advantageonlineshopping.com/catalog/fetchImage?image_id=3202" (specified by argument number 31)  	[MsgId: MMSG-26577]
Action.c(52): Downloading resource "https://www.advantageonlineshopping.com/catalog/fetchImage?image_id=3201" (specified by argument number 33)  	[MsgId: MMSG-26577]
Action.c(52): Error -27644: Step download timeout (120 seconds) has expired when only cross-step downloads (0) were active  	[MsgId: MERR-27644]
End auto log messages stack.	[MsgId: MMSG-10544]


Start auto log messages stack - Iteration 12.	[MsgId: MMSG-10545]
Action.c(52): Downloading resource "https://www.advantageonlineshopping.com/catalog/fetchImage?image_id=3200" (specified by argument number 25)  	[MsgId: MMSG-26577]
Action.c(52): Downloading resource "https://www.advantageonlineshopping.com/css/images/category_banner_3.png" (specified by argument number 27)  	[MsgId: MMSG-26577]
Action.c(52): Downloading resource "https://www.advantageonlineshopping.com/catalog/fetchImage?image_id=3300" (specified by argument number 29)  	[MsgId: MMSG-26577]
Action.c(52): Downloading resource "https://www.advantageonlineshopping.com/catalog/fetchImage?image_id=3202" (specified by argument number 31)  	[MsgId: MMSG-26577]
Action.c(52): Downloading resource "https://www.advantageonlineshopping.com/catalog/fetchImage?image_id=3201" (specified by argument number 33)  	[MsgId: MMSG-26577]
Action.c(52): Error -27644: Step download timeout (120 seconds) has expired when only cross-step downloads (0) were active  	[MsgId: MERR-27644]
End auto log messages stack.	[MsgId: MMSG-10544]


Start auto log messages stack - Iteration 24.	[MsgId: MMSG-10545]
Action.c(52): Downloading resource "https://www.advantageonlineshopping.com/catalog/fetchImage?image_id=3200" (specified by argument number 25)  	[MsgId: MMSG-26577]
Action.c(52): Downloading resource "https://www.advantageonlineshopping.com/css/images/category_banner_3.png" (specified by argument number 27)  	[MsgId: MMSG-26577]
Action.c(52): Downloading resource "https://www.advantageonlineshopping.com/catalog/fetchImage?image_id=3300" (specified by argument number 29)  	[MsgId: MMSG-26577]
Action.c(52): Downloading resource "https://www.advantageonlineshopping.com/catalog/fetchImage?image_id=3202" (specified by argument number 31)  	[MsgId: MMSG-26577]
Action.c(52): Downloading resource "https://www.advantageonlineshopping.com/catalog/fetchImage?image_id=3201" (specified by argument number 33)  	[MsgId: MMSG-26577]
Action.c(52): Error -27644: Step download timeout (120 seconds) has expired when only cross-step downloads (0) were active  	[MsgId: MERR-27644]
End auto log messages stack.	[MsgId: MMSG-10544]


Start auto log messages stack - Iteration 3.	[MsgId: MMSG-10545]
Action.c(52): Downloading resource "https://www.advantageonlineshopping.com/catalog/fetchImage?image_id=3200" (specified by argument number 25)  	[MsgId: MMSG-26577]
Action.c(52): Downloading resource "https://www.advantageonlineshopping.com/css/images/category_banner_3.png" (specified by argument number 27)  	[MsgId: MMSG-26577]
Action.c(52): Downloading resource "https://www.advantageonlineshopping.com/catalog/fetchImage?image_id=3300" (specified by argument number 29)  	[MsgId: MMSG-26577]
Action.c(52): Downloading resource "https://www.advantageonlineshopping.com/catalog/fetchImage?image_id=3202" (specified by argument number 31)  	[MsgId: MMSG-26577]
Action.c(52): Downloading resource "https://www.advantageonlineshopping.com/catalog/fetchImage?image_id=3201" (specified by argument number 33)  	[MsgId: MMSG-26577]
Action.c(52): Error -27644: Step download timeout (120 seconds) has expired when only cross-step downloads (0) were active  	[MsgId: MERR-27644]
End auto log messages stack.	[MsgId: MMSG-10544]


Start auto log messages stack - Iteration 12.	[MsgId: MMSG-10545]
Action.c(52): Downloading resource "https://www.advantageonlineshopping.com/catalog/fetchImage?image_id=3300" (specified by argument number 29)  	[MsgId: MMSG-26577]
Action.c(52): Downloading resource "https://www.advantageonlineshopping.com/catalog/fetchImage?image_id=3202" (specified by argument number 31)  	[MsgId: MMSG-26577]
Action.c(52): Downloading resource "https://www.advantageonlineshopping.com/catalog/fetchImage?image_id=3201" (specified by argument number 33)  	[MsgId: MMSG-26577]
Action.c(52): Warning -27760: Request "https://www.googletagmanager.com/gtag/js?id=G-TBPYED8WSW" failed  	[MsgId: MWAR-27760]
Action.c(52): Warning -27760: Request "https://www.advantageonlineshopping.com/vendor/requirejs/require.js" failed  	[MsgId: MWAR-27760]
Action.c(52): Error -27644: Step download timeout (120 seconds) has expired when only cross-step downloads (0) were active  	[MsgId: MERR-27644]
End auto log messages stack.	[MsgId: MMSG-10544]


Start auto log messages stack - Iteration 37.	[MsgId: MMSG-10545]
Action.c(52): Downloading resource "https://www.advantageonlineshopping.com/catalog/fetchImage?image_id=3200" (specified by argument number 25)  	[MsgId: MMSG-26577]
Action.c(52): Downloading resource "https://www.advantageonlineshopping.com/css/images/category_banner_3.png" (specified by argument number 27)  	[MsgId: MMSG-26577]
Action.c(52): Downloading resource "https://www.advantageonlineshopping.com/catalog/fetchImage?image_id=3300" (specified by argument number 29)  	[MsgId: MMSG-26577]
Action.c(52): Downloading resource "https://www.advantageonlineshopping.com/catalog/fetchImage?image_id=3202" (specified by argument number 31)  	[MsgId: MMSG-26577]
Action.c(52): Downloading resource "https://www.advantageonlineshopping.com/catalog/fetchImage?image_id=3201" (specified by argument number 33)  	[MsgId: MMSG-26577]
Action.c(52): Error -27644: Step download timeout (120 seconds) has expired when only cross-step downloads (0) were active  	[MsgId: MERR-27644]
End auto log messages stack.	[MsgId: MMSG-10544]


Start auto log messages stack - Iteration 3.	[MsgId: MMSG-10545]
Action.c(52): Downloading resource "https://www.advantageonlineshopping.com/catalog/fetchImage?image_id=3200" (specified by argument number 25)  	[MsgId: MMSG-26577]
Action.c(52): Downloading resource "https://www.advantageonlineshopping.com/css/images/category_banner_3.png" (specified by argument number 27)  	[MsgId: MMSG-26577]
Action.c(52): Downloading resource "https://www.advantageonlineshopping.com/catalog/fetchImage?image_id=3300" (specified by argument number 29)  	[MsgId: MMSG-26577]
Action.c(52): Downloading resource "https://www.advantageonlineshopping.com/catalog/fetchImage?image_id=3202" (specified by argument number 31)  	[MsgId: MMSG-26577]
Action.c(52): Downloading resource "https://www.advantageonlineshopping.com/catalog/fetchImage?image_id=3201" (specified by argument number 33)  	[MsgId: MMSG-26577]
Action.c(52): Error -27644: Step download timeout (120 seconds) has expired when only cross-step downloads (0) were active  	[MsgId: MERR-27644]
End auto log messages stack.	[MsgId: MMSG-10544]


Start auto log messages stack - Iteration 12.	[MsgId: MMSG-10545]
Action.c(52): Downloading resource "https://www.advantageonlineshopping.com/catalog/fetchImage?image_id=3300" (specified by argument number 29)  	[MsgId: MMSG-26577]
Action.c(52): Downloading resource "https://www.advantageonlineshopping.com/catalog/fetchImage?image_id=3202" (specified by argument number 31)  	[MsgId: MMSG-26577]
Action.c(52): Downloading resource "https://www.advantageonlineshopping.com/catalog/fetchImage?image_id=3201" (specified by argument number 33)  	[MsgId: MMSG-26577]
Action.c(52): Warning -27760: Request "https://www.advantageonlineshopping.com/main.min.js" failed  	[MsgId: MWAR-27760]
Action.c(52): Warning -27760: Request "https://www.advantageonlineshopping.com/catalog/fetchImage?image_id=3201" failed  	[MsgId: MWAR-27760]
Action.c(52): Error -27644: Step download timeout (120 seconds) has expired when only cross-step downloads (0) were active  	[MsgId: MERR-27644]
End auto log messages stack.	[MsgId: MMSG-10544]


Start auto log messages stack - Iteration 25.	[MsgId: MMSG-10545]
Action.c(620): web_remove/revert_auto_header("X-Requested-With") was successful  	[MsgId: MMSG-26392]
Action.c(622): web_add_header("Authorization") started  	[MsgId: MMSG-26355]
Action.c(622): Warning -26594: The header being added may cause unpredictable results if applied to ALL the URLs generated on behalf of the next script function. It will apply to the primary URL only.  	[MsgId: MWAR-26594]
Action.c(622): web_add_header("Authorization") highest severity level was "warning"  	[MsgId: MMSG-26391]
Action.c(625): web_reg_find started  	[MsgId: MMSG-26355]
Action.c(625): Registering web_reg_find was successful  	[MsgId: MMSG-26390]
Action.c(626): web_custom_request("{userIdValue}") started  	[MsgId: MMSG-26355]
Action.c(626): Error -26612: HTTP Status-Code=500 (Internal Server Error) for "https://www.advantageonlineshopping.com/order/api/v1/orders/users/375813603"  	[MsgId: MERR-26612]
Action.c(626): Error -26366: "Text=order completed successfully" not found for web_reg_find  	[MsgId: MERR-26366]
End auto log messages stack.	[MsgId: MMSG-10544]


Start auto log messages stack - Iteration 4.	[MsgId: MMSG-10545]
Action.c(52): Downloading resource "https://www.advantageonlineshopping.com/catalog/fetchImage?image_id=3200" (specified by argument number 25)  	[MsgId: MMSG-26577]
Action.c(52): Downloading resource "https://www.advantageonlineshopping.com/css/images/category_banner_3.png" (specified by argument number 27)  	[MsgId: MMSG-26577]
Action.c(52): Downloading resource "https://www.advantageonlineshopping.com/catalog/fetchImage?image_id=3300" (specified by argument number 29)  	[MsgId: MMSG-26577]
Action.c(52): Downloading resource "https://www.advantageonlineshopping.com/catalog/fetchImage?image_id=3202" (specified by argument number 31)  	[MsgId: MMSG-26577]
Action.c(52): Downloading resource "https://www.advantageonlineshopping.com/catalog/fetchImage?image_id=3201" (specified by argument number 33)  	[MsgId: MMSG-26577]
Action.c(52): Error -27644: Step download timeout (120 seconds) has expired when only cross-step downloads (0) were active  	[MsgId: MERR-27644]
End auto log messages stack.	[MsgId: MMSG-10544]


Start auto log messages stack - Iteration 38.	[MsgId: MMSG-10545]
Action.c(52): Warning -27760: Request "https://www.advantageonlineshopping.com/catalog/fetchImage?image_id=3201" failed  	[MsgId: MWAR-27760]
Action.c(52): Warning -27760: Request "https://www.advantageonlineshopping.com/catalog/fetchImage?image_id=3202" failed  	[MsgId: MWAR-27760]
Action.c(52): Warning -27760: Request "https://www.advantageonlineshopping.com/css/images/Down_arrow.svg" failed  	[MsgId: MWAR-27760]
Action.c(52): Warning -27760: Request "https://www.advantageonlineshopping.com/vendor/requirejs/require.js" failed  	[MsgId: MWAR-27760]
Action.c(52): Warning -27760: Request "https://www.advantageonlineshopping.com/main.min.js" failed  	[MsgId: MWAR-27760]
Action.c(52): Error -27644: Step download timeout (120 seconds) has expired when only cross-step downloads (0) were active  	[MsgId: MERR-27644]
End auto log messages stack.	[MsgId: MMSG-10544]


Start auto log messages stack - Iteration 39.	[MsgId: MMSG-10545]
Action.c(52): Downloading resource "https://www.advantageonlineshopping.com/catalog/fetchImage?image_id=3200" (specified by argument number 25)  	[MsgId: MMSG-26577]
Action.c(52): Downloading resource "https://www.advantageonlineshopping.com/css/images/category_banner_3.png" (specified by argument number 27)  	[MsgId: MMSG-26577]
Action.c(52): Downloading resource "https://www.advantageonlineshopping.com/catalog/fetchImage?image_id=3300" (specified by argument number 29)  	[MsgId: MMSG-26577]
Action.c(52): Downloading resource "https://www.advantageonlineshopping.com/catalog/fetchImage?image_id=3202" (specified by argument number 31)  	[MsgId: MMSG-26577]
Action.c(52): Downloading resource "https://www.advantageonlineshopping.com/catalog/fetchImage?image_id=3201" (specified by argument number 33)  	[MsgId: MMSG-26577]
Action.c(52): Error -27644: Step download timeout (120 seconds) has expired when only cross-step downloads (0) were active  	[MsgId: MERR-27644]
End auto log messages stack.	[MsgId: MMSG-10544]


Start auto log messages stack - Iteration 5.	[MsgId: MMSG-10545]
Action.c(52): Downloading resource "https://www.advantageonlineshopping.com/catalog/fetchImage?image_id=3200" (specified by argument number 25)  	[MsgId: MMSG-26577]
Action.c(52): Downloading resource "https://www.advantageonlineshopping.com/css/images/category_banner_3.png" (specified by argument number 27)  	[MsgId: MMSG-26577]
Action.c(52): Downloading resource "https://www.advantageonlineshopping.com/catalog/fetchImage?image_id=3300" (specified by argument number 29)  	[MsgId: MMSG-26577]
Action.c(52): Downloading resource "https://www.advantageonlineshopping.com/catalog/fetchImage?image_id=3202" (specified by argument number 31)  	[MsgId: MMSG-26577]
Action.c(52): Downloading resource "https://www.advantageonlineshopping.com/catalog/fetchImage?image_id=3201" (specified by argument number 33)  	[MsgId: MMSG-26577]
Action.c(52): Error -27644: Step download timeout (120 seconds) has expired when only cross-step downloads (0) were active  	[MsgId: MERR-27644]
End auto log messages stack.	[MsgId: MMSG-10544]


Start auto log messages stack - Iteration 27.	[MsgId: MMSG-10545]
Action.c(52): Downloading resource "https://www.advantageonlineshopping.com/catalog/fetchImage?image_id=3200" (specified by argument number 25)  	[MsgId: MMSG-26577]
Action.c(52): Downloading resource "https://www.advantageonlineshopping.com/css/images/category_banner_3.png" (specified by argument number 27)  	[MsgId: MMSG-26577]
Action.c(52): Downloading resource "https://www.advantageonlineshopping.com/catalog/fetchImage?image_id=3300" (specified by argument number 29)  	[MsgId: MMSG-26577]
Action.c(52): Downloading resource "https://www.advantageonlineshopping.com/catalog/fetchImage?image_id=3202" (specified by argument number 31)  	[MsgId: MMSG-26577]
Action.c(52): Downloading resource "https://www.advantageonlineshopping.com/catalog/fetchImage?image_id=3201" (specified by argument number 33)  	[MsgId: MMSG-26577]
Action.c(52): Error -27644: Step download timeout (120 seconds) has expired when only cross-step downloads (0) were active  	[MsgId: MERR-27644]
End auto log messages stack.	[MsgId: MMSG-10544]


Start auto log messages stack - Iteration 39.	[MsgId: MMSG-10545]
Action.c(52): Downloading resource "https://www.advantageonlineshopping.com/catalog/fetchImage?image_id=3200" (specified by argument number 25)  	[MsgId: MMSG-26577]
Action.c(52): Downloading resource "https://www.advantageonlineshopping.com/css/images/category_banner_3.png" (specified by argument number 27)  	[MsgId: MMSG-26577]
Action.c(52): Downloading resource "https://www.advantageonlineshopping.com/catalog/fetchImage?image_id=3300" (specified by argument number 29)  	[MsgId: MMSG-26577]
Action.c(52): Downloading resource "https://www.advantageonlineshopping.com/catalog/fetchImage?image_id=3202" (specified by argument number 31)  	[MsgId: MMSG-26577]
Action.c(52): Downloading resource "https://www.advantageonlineshopping.com/catalog/fetchImage?image_id=3201" (specified by argument number 33)  	[MsgId: MMSG-26577]
Action.c(52): Error -27644: Step download timeout (120 seconds) has expired when only cross-step downloads (0) were active  	[MsgId: MERR-27644]
End auto log messages stack.	[MsgId: MMSG-10544]


Start auto log messages stack - Iteration 40.	[MsgId: MMSG-10545]
Action.c(52): Downloading resource "https://www.advantageonlineshopping.com/catalog/fetchImage?image_id=3200" (specified by argument number 25)  	[MsgId: MMSG-26577]
Action.c(52): Downloading resource "https://www.advantageonlineshopping.com/css/images/category_banner_3.png" (specified by argument number 27)  	[MsgId: MMSG-26577]
Action.c(52): Downloading resource "https://www.advantageonlineshopping.com/catalog/fetchImage?image_id=3300" (specified by argument number 29)  	[MsgId: MMSG-26577]
Action.c(52): Downloading resource "https://www.advantageonlineshopping.com/catalog/fetchImage?image_id=3202" (specified by argument number 31)  	[MsgId: MMSG-26577]
Action.c(52): Downloading resource "https://www.advantageonlineshopping.com/catalog/fetchImage?image_id=3201" (specified by argument number 33)  	[MsgId: MMSG-26577]
Action.c(52): Error -27644: Step download timeout (120 seconds) has expired when only cross-step downloads (0) were active  	[MsgId: MERR-27644]
End auto log messages stack.	[MsgId: MMSG-10544]


Start auto log messages stack - Iteration 28.	[MsgId: MMSG-10545]
Action.c(52): Downloading resource "https://www.advantageonlineshopping.com/catalog/fetchImage?image_id=3200" (specified by argument number 25)  	[MsgId: MMSG-26577]
Action.c(52): Downloading resource "https://www.advantageonlineshopping.com/css/images/category_banner_3.png" (specified by argument number 27)  	[MsgId: MMSG-26577]
Action.c(52): Downloading resource "https://www.advantageonlineshopping.com/catalog/fetchImage?image_id=3300" (specified by argument number 29)  	[MsgId: MMSG-26577]
Action.c(52): Downloading resource "https://www.advantageonlineshopping.com/catalog/fetchImage?image_id=3202" (specified by argument number 31)  	[MsgId: MMSG-26577]
Action.c(52): Downloading resource "https://www.advantageonlineshopping.com/catalog/fetchImage?image_id=3201" (specified by argument number 33)  	[MsgId: MMSG-26577]
Action.c(52): Error -27644: Step download timeout (120 seconds) has expired when only cross-step downloads (0) were active  	[MsgId: MERR-27644]
End auto log messages stack.	[MsgId: MMSG-10544]


Start auto log messages stack - Iteration 6.	[MsgId: MMSG-10545]
Action.c(52): Downloading resource "https://www.advantageonlineshopping.com/catalog/fetchImage?image_id=3200" (specified by argument number 25)  	[MsgId: MMSG-26577]
Action.c(52): Downloading resource "https://www.advantageonlineshopping.com/css/images/category_banner_3.png" (specified by argument number 27)  	[MsgId: MMSG-26577]
Action.c(52): Downloading resource "https://www.advantageonlineshopping.com/catalog/fetchImage?image_id=3300" (specified by argument number 29)  	[MsgId: MMSG-26577]
Action.c(52): Downloading resource "https://www.advantageonlineshopping.com/catalog/fetchImage?image_id=3202" (specified by argument number 31)  	[MsgId: MMSG-26577]
Action.c(52): Downloading resource "https://www.advantageonlineshopping.com/catalog/fetchImage?image_id=3201" (specified by argument number 33)  	[MsgId: MMSG-26577]
Action.c(52): Error -27644: Step download timeout (120 seconds) has expired when only cross-step downloads (0) were active  	[MsgId: MERR-27644]
End auto log messages stack.	[MsgId: MMSG-10544]


Start auto log messages stack - Iteration 6.	[MsgId: MMSG-10545]
Action.c(52): Downloading resource "https://www.advantageonlineshopping.com/catalog/fetchImage?image_id=3200" (specified by argument number 25)  	[MsgId: MMSG-26577]
Action.c(52): Downloading resource "https://www.advantageonlineshopping.com/css/images/category_banner_3.png" (specified by argument number 27)  	[MsgId: MMSG-26577]
Action.c(52): Downloading resource "https://www.advantageonlineshopping.com/catalog/fetchImage?image_id=3300" (specified by argument number 29)  	[MsgId: MMSG-26577]
Action.c(52): Downloading resource "https://www.advantageonlineshopping.com/catalog/fetchImage?image_id=3202" (specified by argument number 31)  	[MsgId: MMSG-26577]
Action.c(52): Downloading resource "https://www.advantageonlineshopping.com/catalog/fetchImage?image_id=3201" (specified by argument number 33)  	[MsgId: MMSG-26577]
Action.c(52): Error -27644: Step download timeout (120 seconds) has expired when only cross-step downloads (0) were active  	[MsgId: MERR-27644]
End auto log messages stack.	[MsgId: MMSG-10544]


Start auto log messages stack - Iteration 15.	[MsgId: MMSG-10545]
Action.c(52): Downloading resource "https://www.advantageonlineshopping.com/catalog/fetchImage?image_id=3200" (specified by argument number 25)  	[MsgId: MMSG-26577]
Action.c(52): Downloading resource "https://www.advantageonlineshopping.com/css/images/category_banner_3.png" (specified by argument number 27)  	[MsgId: MMSG-26577]
Action.c(52): Downloading resource "https://www.advantageonlineshopping.com/catalog/fetchImage?image_id=3300" (specified by argument number 29)  	[MsgId: MMSG-26577]
Action.c(52): Downloading resource "https://www.advantageonlineshopping.com/catalog/fetchImage?image_id=3202" (specified by argument number 31)  	[MsgId: MMSG-26577]
Action.c(52): Downloading resource "https://www.advantageonlineshopping.com/catalog/fetchImage?image_id=3201" (specified by argument number 33)  	[MsgId: MMSG-26577]
Action.c(52): Error -27644: Step download timeout (120 seconds) has expired when only cross-step downloads (0) were active  	[MsgId: MERR-27644]
End auto log messages stack.	[MsgId: MMSG-10544]


Start auto log messages stack - Iteration 14.	[MsgId: MMSG-10545]
Action.c(371): Registering web_reg_find was successful  	[MsgId: MMSG-26390]
Action.c(372): web_url("product-page.html") started  	[MsgId: MMSG-26355]
Action.c(372): Found resource "https://www.advantageonlineshopping.com/css/images/review_right.png" in HTML "https://www.advantageonlineshopping.com/app/views/product-page.html"  	[MsgId: MMSG-26659]
Action.c(372): Found resource "https://www.advantageonlineshopping.com/css/images/reviewUser.png" in HTML "https://www.advantageonlineshopping.com/app/views/product-page.html"  	[MsgId: MMSG-26659]
Action.c(372): Found resource "https://www.advantageonlineshopping.com/css/images/review_Left_disabled.png" in HTML "https://www.advantageonlineshopping.com/app/views/product-page.html"  	[MsgId: MMSG-26659]
Action.c(372): Error -27644: Step download timeout (120 seconds) has expired when only cross-step downloads (0) were active  	[MsgId: MERR-27644]
End auto log messages stack.	[MsgId: MMSG-10544]


Start auto log messages stack - Iteration 28.	[MsgId: MMSG-10545]
Action.c(52): Downloading resource "https://www.advantageonlineshopping.com/catalog/fetchImage?image_id=3200" (specified by argument number 25)  	[MsgId: MMSG-26577]
Action.c(52): Downloading resource "https://www.advantageonlineshopping.com/css/images/category_banner_3.png" (specified by argument number 27)  	[MsgId: MMSG-26577]
Action.c(52): Downloading resource "https://www.advantageonlineshopping.com/catalog/fetchImage?image_id=3300" (specified by argument number 29)  	[MsgId: MMSG-26577]
Action.c(52): Downloading resource "https://www.advantageonlineshopping.com/catalog/fetchImage?image_id=3202" (specified by argument number 31)  	[MsgId: MMSG-26577]
Action.c(52): Downloading resource "https://www.advantageonlineshopping.com/catalog/fetchImage?image_id=3201" (specified by argument number 33)  	[MsgId: MMSG-26577]
Action.c(52): Error -27644: Step download timeout (120 seconds) has expired when only cross-step downloads (0) were active  	[MsgId: MERR-27644]
End auto log messages stack.	[MsgId: MMSG-10544]


Start auto log messages stack - Iteration 40.	[MsgId: MMSG-10545]
Action.c(52): Downloading resource "https://www.advantageonlineshopping.com/catalog/fetchImage?image_id=3200" (specified by argument number 25)  	[MsgId: MMSG-26577]
Action.c(52): Downloading resource "https://www.advantageonlineshopping.com/css/images/category_banner_3.png" (specified by argument number 27)  	[MsgId: MMSG-26577]
Action.c(52): Downloading resource "https://www.advantageonlineshopping.com/catalog/fetchImage?image_id=3300" (specified by argument number 29)  	[MsgId: MMSG-26577]
Action.c(52): Downloading resource "https://www.advantageonlineshopping.com/catalog/fetchImage?image_id=3202" (specified by argument number 31)  	[MsgId: MMSG-26577]
Action.c(52): Downloading resource "https://www.advantageonlineshopping.com/catalog/fetchImage?image_id=3201" (specified by argument number 33)  	[MsgId: MMSG-26577]
Action.c(52): Error -27644: Step download timeout (120 seconds) has expired when only cross-step downloads (0) were active  	[MsgId: MERR-27644]
End auto log messages stack.	[MsgId: MMSG-10544]


Start auto log messages stack - Iteration 41.	[MsgId: MMSG-10545]
Action.c(52): Downloading resource "https://www.advantageonlineshopping.com/catalog/fetchImage?image_id=3200" (specified by argument number 25)  	[MsgId: MMSG-26577]
Action.c(52): Downloading resource "https://www.advantageonlineshopping.com/css/images/category_banner_3.png" (specified by argument number 27)  	[MsgId: MMSG-26577]
Action.c(52): Downloading resource "https://www.advantageonlineshopping.com/catalog/fetchImage?image_id=3300" (specified by argument number 29)  	[MsgId: MMSG-26577]
Action.c(52): Downloading resource "https://www.advantageonlineshopping.com/catalog/fetchImage?image_id=3202" (specified by argument number 31)  	[MsgId: MMSG-26577]
Action.c(52): Downloading resource "https://www.advantageonlineshopping.com/catalog/fetchImage?image_id=3201" (specified by argument number 33)  	[MsgId: MMSG-26577]
Action.c(52): Error -27644: Step download timeout (120 seconds) has expired when only cross-step downloads (0) were active  	[MsgId: MERR-27644]
End auto log messages stack.	[MsgId: MMSG-10544]


Start auto log messages stack - Iteration 18.	[MsgId: MMSG-10545]
Action.c(392): web_add_header("Origin") was successful  	[MsgId: MMSG-26392]
Action.c(398): web_add_header("Authorization") started  	[MsgId: MMSG-26355]
Action.c(398): Warning -26594: The header being added may cause unpredictable results if applied to ALL the URLs generated on behalf of the next script function. It will apply to the primary URL only.  	[MsgId: MWAR-26594]
Action.c(398): web_add_header("Authorization") highest severity level was "warning"  	[MsgId: MMSG-26391]
Action.c(400): web_reg_find started  	[MsgId: MMSG-26355]
Action.c(400): Registering web_reg_find was successful  	[MsgId: MMSG-26390]
Action.c(401): web_submit_data("{colorCode}") started  	[MsgId: MMSG-26355]
Action.c(401): Error -26612: HTTP Status-Code=500 (Internal Server Error) for "https://www.advantageonlineshopping.com/order/api/v1/carts/375813603/product/13/color/55CDD5?quantity=1"  	[MsgId: MERR-26612]
Action.c(401): Error -26366: "Text=exists":true" not found for web_reg_find  	[MsgId: MERR-26366]
End auto log messages stack.	[MsgId: MMSG-10544]


Start auto log messages stack - Iteration 17.	[MsgId: MMSG-10545]
Action.c(620): web_remove/revert_auto_header("X-Requested-With") was successful  	[MsgId: MMSG-26392]
Action.c(622): web_add_header("Authorization") started  	[MsgId: MMSG-26355]
Action.c(622): Warning -26594: The header being added may cause unpredictable results if applied to ALL the URLs generated on behalf of the next script function. It will apply to the primary URL only.  	[MsgId: MWAR-26594]
Action.c(622): web_add_header("Authorization") highest severity level was "warning"  	[MsgId: MMSG-26391]
Action.c(625): web_reg_find started  	[MsgId: MMSG-26355]
Action.c(625): Registering web_reg_find was successful  	[MsgId: MMSG-26390]
Action.c(626): web_custom_request("{userIdValue}") started  	[MsgId: MMSG-26355]
Action.c(626): Error -26612: HTTP Status-Code=500 (Internal Server Error) for "https://www.advantageonlineshopping.com/order/api/v1/orders/users/472380278"  	[MsgId: MERR-26612]
Action.c(626): Error -26366: "Text=order completed successfully" not found for web_reg_find  	[MsgId: MERR-26366]
End auto log messages stack.	[MsgId: MMSG-10544]


Start auto log messages stack - Iteration 19.	[MsgId: MMSG-10545]
Action.c(392): web_add_header("Origin") was successful  	[MsgId: MMSG-26392]
Action.c(398): web_add_header("Authorization") started  	[MsgId: MMSG-26355]
Action.c(398): Warning -26594: The header being added may cause unpredictable results if applied to ALL the URLs generated on behalf of the next script function. It will apply to the primary URL only.  	[MsgId: MWAR-26594]
Action.c(398): web_add_header("Authorization") highest severity level was "warning"  	[MsgId: MMSG-26391]
Action.c(400): web_reg_find started  	[MsgId: MMSG-26355]
Action.c(400): Registering web_reg_find was successful  	[MsgId: MMSG-26390]
Action.c(401): web_submit_data("{colorCode}") started  	[MsgId: MMSG-26355]
Action.c(401): Error -26612: HTTP Status-Code=500 (Internal Server Error) for "https://www.advantageonlineshopping.com/order/api/v1/carts/105923581/product/13/color/414141?quantity=1"  	[MsgId: MERR-26612]
Action.c(401): Error -26366: "Text=exists":true" not found for web_reg_find  	[MsgId: MERR-26366]
End auto log messages stack.	[MsgId: MMSG-10544]


Start auto log messages stack - Iteration 20.	[MsgId: MMSG-10545]
Action.c(620): web_remove/revert_auto_header("X-Requested-With") was successful  	[MsgId: MMSG-26392]
Action.c(622): web_add_header("Authorization") started  	[MsgId: MMSG-26355]
Action.c(622): Warning -26594: The header being added may cause unpredictable results if applied to ALL the URLs generated on behalf of the next script function. It will apply to the primary URL only.  	[MsgId: MWAR-26594]
Action.c(622): web_add_header("Authorization") highest severity level was "warning"  	[MsgId: MMSG-26391]
Action.c(625): web_reg_find started  	[MsgId: MMSG-26355]
Action.c(625): Registering web_reg_find was successful  	[MsgId: MMSG-26390]
Action.c(626): web_custom_request("{userIdValue}") started  	[MsgId: MMSG-26355]
Action.c(626): Error -26612: HTTP Status-Code=500 (Internal Server Error) for "https://www.advantageonlineshopping.com/order/api/v1/orders/users/915458869"  	[MsgId: MERR-26612]
Action.c(626): Error -26366: "Text=order completed successfully" not found for web_reg_find  	[MsgId: MERR-26366]
End auto log messages stack.	[MsgId: MMSG-10544]


Start auto log messages stack - Iteration 22.	[MsgId: MMSG-10545]
Action.c(52): Downloading resource "https://www.advantageonlineshopping.com/catalog/fetchImage?image_id=3200" (specified by argument number 25)  	[MsgId: MMSG-26577]
Action.c(52): Downloading resource "https://www.advantageonlineshopping.com/css/images/category_banner_3.png" (specified by argument number 27)  	[MsgId: MMSG-26577]
Action.c(52): Downloading resource "https://www.advantageonlineshopping.com/catalog/fetchImage?image_id=3300" (specified by argument number 29)  	[MsgId: MMSG-26577]
Action.c(52): Downloading resource "https://www.advantageonlineshopping.com/catalog/fetchImage?image_id=3202" (specified by argument number 31)  	[MsgId: MMSG-26577]
Action.c(52): Downloading resource "https://www.advantageonlineshopping.com/catalog/fetchImage?image_id=3201" (specified by argument number 33)  	[MsgId: MMSG-26577]
Action.c(52): Error -27644: Step download timeout (120 seconds) has expired when only cross-step downloads (0) were active  	[MsgId: MERR-27644]
End auto log messages stack.	[MsgId: MMSG-10544]


Start auto log messages stack - Iteration 49.	[MsgId: MMSG-10545]
Action.c(52): Downloading resource "https://www.advantageonlineshopping.com/catalog/fetchImage?image_id=3200" (specified by argument number 25)  	[MsgId: MMSG-26577]
Action.c(52): Downloading resource "https://www.advantageonlineshopping.com/css/images/category_banner_3.png" (specified by argument number 27)  	[MsgId: MMSG-26577]
Action.c(52): Downloading resource "https://www.advantageonlineshopping.com/catalog/fetchImage?image_id=3300" (specified by argument number 29)  	[MsgId: MMSG-26577]
Action.c(52): Downloading resource "https://www.advantageonlineshopping.com/catalog/fetchImage?image_id=3202" (specified by argument number 31)  	[MsgId: MMSG-26577]
Action.c(52): Downloading resource "https://www.advantageonlineshopping.com/catalog/fetchImage?image_id=3201" (specified by argument number 33)  	[MsgId: MMSG-26577]
Action.c(52): Error -27644: Step download timeout (120 seconds) has expired when only cross-step downloads (0) were active  	[MsgId: MERR-27644]
End auto log messages stack.	[MsgId: MMSG-10544]


Start auto log messages stack - Iteration 23.	[MsgId: MMSG-10545]
Action.c(44): web_add_header("Upgrade-Insecure-Requests") started  	[MsgId: MMSG-26355]
Action.c(44): web_add_header("Upgrade-Insecure-Requests") was successful  	[MsgId: MMSG-26392]
Action.c(46): web_add_cookie started  	[MsgId: MMSG-26355]
Action.c(46): web_add_cookie was successful  	[MsgId: MMSG-26392]
Action.c(48): web_add_cookie started  	[MsgId: MMSG-26355]
Action.c(48): web_add_cookie was successful  	[MsgId: MMSG-26392]
Action.c(51): web_reg_find started  	[MsgId: MMSG-26355]
Action.c(51): Registering web_reg_find was successful  	[MsgId: MMSG-26390]
Action.c(52): web_url("www.advantageonlineshopping.com") started  	[MsgId: MMSG-26355]
Action.c(52): Error -27792: Failed to connect to server "www.advantageonlineshopping.com:443": [10060] Connection timed out  	[MsgId: MERR-27792]
End auto log messages stack.	[MsgId: MMSG-10544]


Start auto log messages stack - Iteration 23.	[MsgId: MMSG-10545]
Action.c(52): Warning -26200: At least one of the resources specified by EXTRARES has not been downloaded due to the above error(s)  	[MsgId: MWAR-26200]
Action.c(52): Error -26366: "Text=Product Added Successfully" not found for web_reg_find  	[MsgId: MERR-26366]
Action.c(52): Error -26374: The above "not found" error(s) may be explained by header and body byte counts being 0 and 0, respectively.  	[MsgId: MERR-26374]
End auto log messages stack.	[MsgId: MMSG-10544]


Start auto log messages stack - Iteration 4.	[MsgId: MMSG-10545]
Action.c(52): Downloading resource "https://www.advantageonlineshopping.com/catalog/fetchImage?image_id=3200" (specified by argument number 25)  	[MsgId: MMSG-26577]
Action.c(52): Downloading resource "https://www.advantageonlineshopping.com/css/images/category_banner_3.png" (specified by argument number 27)  	[MsgId: MMSG-26577]
Action.c(52): Downloading resource "https://www.advantageonlineshopping.com/catalog/fetchImage?image_id=3300" (specified by argument number 29)  	[MsgId: MMSG-26577]
Action.c(52): Downloading resource "https://www.advantageonlineshopping.com/catalog/fetchImage?image_id=3202" (specified by argument number 31)  	[MsgId: MMSG-26577]
Action.c(52): Downloading resource "https://www.advantageonlineshopping.com/catalog/fetchImage?image_id=3201" (specified by argument number 33)  	[MsgId: MMSG-26577]
Action.c(52): Error -27644: Step download timeout (120 seconds) has expired when only cross-step downloads (0) were active  	[MsgId: MERR-27644]
End auto log messages stack.	[MsgId: MMSG-10544]


Start auto log messages stack - Iteration 13.	[MsgId: MMSG-10545]
Action.c(52): Downloading resource "https://www.advantageonlineshopping.com/catalog/fetchImage?image_id=3200" (specified by argument number 25)  	[MsgId: MMSG-26577]
Action.c(52): Downloading resource "https://www.advantageonlineshopping.com/css/images/category_banner_3.png" (specified by argument number 27)  	[MsgId: MMSG-26577]
Action.c(52): Downloading resource "https://www.advantageonlineshopping.com/catalog/fetchImage?image_id=3300" (specified by argument number 29)  	[MsgId: MMSG-26577]
Action.c(52): Downloading resource "https://www.advantageonlineshopping.com/catalog/fetchImage?image_id=3202" (specified by argument number 31)  	[MsgId: MMSG-26577]
Action.c(52): Downloading resource "https://www.advantageonlineshopping.com/catalog/fetchImage?image_id=3201" (specified by argument number 33)  	[MsgId: MMSG-26577]
Action.c(52): Error -27644: Step download timeout (120 seconds) has expired when only cross-step downloads (0) were active  	[MsgId: MERR-27644]
End auto log messages stack.	[MsgId: MMSG-10544]


Start auto log messages stack - Iteration 33.	[MsgId: MMSG-10545]
Action.c(52): Downloading resource "https://www.advantageonlineshopping.com/catalog/fetchImage?image_id=3200" (specified by argument number 25)  	[MsgId: MMSG-26577]
Action.c(52): Downloading resource "https://www.advantageonlineshopping.com/css/images/category_banner_3.png" (specified by argument number 27)  	[MsgId: MMSG-26577]
Action.c(52): Downloading resource "https://www.advantageonlineshopping.com/catalog/fetchImage?image_id=3300" (specified by argument number 29)  	[MsgId: MMSG-26577]
Action.c(52): Downloading resource "https://www.advantageonlineshopping.com/catalog/fetchImage?image_id=3202" (specified by argument number 31)  	[MsgId: MMSG-26577]
Action.c(52): Downloading resource "https://www.advantageonlineshopping.com/catalog/fetchImage?image_id=3201" (specified by argument number 33)  	[MsgId: MMSG-26577]
Action.c(52): Error -27644: Step download timeout (120 seconds) has expired when only cross-step downloads (0) were active  	[MsgId: MERR-27644]
End auto log messages stack.	[MsgId: MMSG-10544]


Start auto log messages stack - Iteration 48.	[MsgId: MMSG-10545]
Action.c(52): Downloading resource "https://www.advantageonlineshopping.com/catalog/fetchImage?image_id=3200" (specified by argument number 25)  	[MsgId: MMSG-26577]
Action.c(52): Downloading resource "https://www.advantageonlineshopping.com/css/images/category_banner_3.png" (specified by argument number 27)  	[MsgId: MMSG-26577]
Action.c(52): Downloading resource "https://www.advantageonlineshopping.com/catalog/fetchImage?image_id=3300" (specified by argument number 29)  	[MsgId: MMSG-26577]
Action.c(52): Downloading resource "https://www.advantageonlineshopping.com/catalog/fetchImage?image_id=3202" (specified by argument number 31)  	[MsgId: MMSG-26577]
Action.c(52): Downloading resource "https://www.advantageonlineshopping.com/catalog/fetchImage?image_id=3201" (specified by argument number 33)  	[MsgId: MMSG-26577]
Action.c(52): Error -27644: Step download timeout (120 seconds) has expired when only cross-step downloads (0) were active  	[MsgId: MERR-27644]
End auto log messages stack.	[MsgId: MMSG-10544]


Start auto log messages stack - Iteration 23.	[MsgId: MMSG-10545]
Action.c(52): Warning -27760: Request "https://www.advantageonlineshopping.com/catalog/fetchImage?image_id=3201" failed  	[MsgId: MWAR-27760]
Action.c(52): Warning -27760: Request "https://www.advantageonlineshopping.com/catalog/fetchImage?image_id=3300" failed  	[MsgId: MWAR-27760]
Action.c(52): Warning -27760: Request "https://www.advantageonlineshopping.com/catalog/fetchImage?image_id=3202" failed  	[MsgId: MWAR-27760]
Action.c(52): Warning -27760: Request "https://www.advantageonlineshopping.com/catalog/fetchImage?image_id=3200" failed  	[MsgId: MWAR-27760]
Action.c(52): Warning -27760: Request "https://www.advantageonlineshopping.com/catalog/fetchImage?image_id=3100" failed  	[MsgId: MWAR-27760]
Action.c(52): Error -27644: Step download timeout (120 seconds) has expired when only cross-step downloads (0) were active  	[MsgId: MERR-27644]
End auto log messages stack.	[MsgId: MMSG-10544]


Start auto log messages stack - Iteration 50.	[MsgId: MMSG-10545]
Action.c(52): Downloading resource "https://www.advantageonlineshopping.com/catalog/fetchImage?image_id=3200" (specified by argument number 25)  	[MsgId: MMSG-26577]
Action.c(52): Downloading resource "https://www.advantageonlineshopping.com/css/images/category_banner_3.png" (specified by argument number 27)  	[MsgId: MMSG-26577]
Action.c(52): Downloading resource "https://www.advantageonlineshopping.com/catalog/fetchImage?image_id=3300" (specified by argument number 29)  	[MsgId: MMSG-26577]
Action.c(52): Downloading resource "https://www.advantageonlineshopping.com/catalog/fetchImage?image_id=3202" (specified by argument number 31)  	[MsgId: MMSG-26577]
Action.c(52): Downloading resource "https://www.advantageonlineshopping.com/catalog/fetchImage?image_id=3201" (specified by argument number 33)  	[MsgId: MMSG-26577]
Action.c(52): Error -27644: Step download timeout (120 seconds) has expired when only cross-step downloads (0) were active  	[MsgId: MERR-27644]
End auto log messages stack.	[MsgId: MMSG-10544]


Start auto log messages stack - Iteration 37.	[MsgId: MMSG-10545]
Action.c(52): Downloading resource "https://www.advantageonlineshopping.com/catalog/fetchImage?image_id=3200" (specified by argument number 25)  	[MsgId: MMSG-26577]
Action.c(52): Downloading resource "https://www.advantageonlineshopping.com/css/images/category_banner_3.png" (specified by argument number 27)  	[MsgId: MMSG-26577]
Action.c(52): Downloading resource "https://www.advantageonlineshopping.com/catalog/fetchImage?image_id=3300" (specified by argument number 29)  	[MsgId: MMSG-26577]
Action.c(52): Downloading resource "https://www.advantageonlineshopping.com/catalog/fetchImage?image_id=3202" (specified by argument number 31)  	[MsgId: MMSG-26577]
Action.c(52): Downloading resource "https://www.advantageonlineshopping.com/catalog/fetchImage?image_id=3201" (specified by argument number 33)  	[MsgId: MMSG-26577]
Action.c(52): Error -27644: Step download timeout (120 seconds) has expired when only cross-step downloads (0) were active  	[MsgId: MERR-27644]
End auto log messages stack.	[MsgId: MMSG-10544]


Start auto log messages stack - Iteration 15.	[MsgId: MMSG-10545]
Action.c(52): Downloading resource "https://www.advantageonlineshopping.com/catalog/fetchImage?image_id=3202" (specified by argument number 31)  	[MsgId: MMSG-26577]
Action.c(52): Downloading resource "https://www.advantageonlineshopping.com/catalog/fetchImage?image_id=3201" (specified by argument number 33)  	[MsgId: MMSG-26577]
Action.c(52): Warning -27760: Request "https://www.advantageonlineshopping.com/catalog/fetchImage?image_id=3100" failed  	[MsgId: MWAR-27760]
Action.c(52): Warning -27760: Request "https://www.advantageonlineshopping.com/main.min.js" failed  	[MsgId: MWAR-27760]
Action.c(52): Warning -27760: Request "https://www.advantageonlineshopping.com/catalog/fetchImage?image_id=3201" failed  	[MsgId: MWAR-27760]
Action.c(52): Error -27644: Step download timeout (120 seconds) has expired when only cross-step downloads (0) were active  	[MsgId: MERR-27644]
End auto log messages stack.	[MsgId: MMSG-10544]


Start auto log messages stack - Iteration 25.	[MsgId: MMSG-10545]
Action.c(44): web_add_header("Upgrade-Insecure-Requests") started  	[MsgId: MMSG-26355]
Action.c(44): web_add_header("Upgrade-Insecure-Requests") was successful  	[MsgId: MMSG-26392]
Action.c(46): web_add_cookie started  	[MsgId: MMSG-26355]
Action.c(46): web_add_cookie was successful  	[MsgId: MMSG-26392]
Action.c(48): web_add_cookie started  	[MsgId: MMSG-26355]
Action.c(48): web_add_cookie was successful  	[MsgId: MMSG-26392]
Action.c(51): web_reg_find started  	[MsgId: MMSG-26355]
Action.c(51): Registering web_reg_find was successful  	[MsgId: MMSG-26390]
Action.c(52): web_url("www.advantageonlineshopping.com") started  	[MsgId: MMSG-26355]
Action.c(52): Error -27792: Failed to connect to server "www.advantageonlineshopping.com:443": [10060] Connection timed out  	[MsgId: MERR-27792]
End auto log messages stack.	[MsgId: MMSG-10544]


Start auto log messages stack - Iteration 25.	[MsgId: MMSG-10545]
Action.c(52): Warning -26200: At least one of the resources specified by EXTRARES has not been downloaded due to the above error(s)  	[MsgId: MWAR-26200]
Action.c(52): Error -26366: "Text=Product Added Successfully" not found for web_reg_find  	[MsgId: MERR-26366]
Action.c(52): Error -26374: The above "not found" error(s) may be explained by header and body byte counts being 0 and 0, respectively.  	[MsgId: MERR-26374]
End auto log messages stack.	[MsgId: MMSG-10544]


Start auto log messages stack - Iteration 6.	[MsgId: MMSG-10545]
Action.c(392): web_add_header("Origin") was successful  	[MsgId: MMSG-26392]
Action.c(398): web_add_header("Authorization") started  	[MsgId: MMSG-26355]
Action.c(398): Warning -26594: The header being added may cause unpredictable results if applied to ALL the URLs generated on behalf of the next script function. It will apply to the primary URL only.  	[MsgId: MWAR-26594]
Action.c(398): web_add_header("Authorization") highest severity level was "warning"  	[MsgId: MMSG-26391]
Action.c(400): web_reg_find started  	[MsgId: MMSG-26355]
Action.c(400): Registering web_reg_find was successful  	[MsgId: MMSG-26390]
Action.c(401): web_submit_data("{colorCode}") started  	[MsgId: MMSG-26355]
Action.c(401): Error -26612: HTTP Status-Code=500 (Internal Server Error) for "https://www.advantageonlineshopping.com/order/api/v1/carts/863961559/product/13/color/55CDD5?quantity=1"  	[MsgId: MERR-26612]
Action.c(401): Error -26366: "Text=exists":true" not found for web_reg_find  	[MsgId: MERR-26366]
End auto log messages stack.	[MsgId: MMSG-10544]


Start auto log messages stack - Iteration 26.	[MsgId: MMSG-10545]
Action.c(52): Downloading resource "https://www.advantageonlineshopping.com/catalog/fetchImage?image_id=3200" (specified by argument number 25)  	[MsgId: MMSG-26577]
Action.c(52): Downloading resource "https://www.advantageonlineshopping.com/css/images/category_banner_3.png" (specified by argument number 27)  	[MsgId: MMSG-26577]
Action.c(52): Downloading resource "https://www.advantageonlineshopping.com/catalog/fetchImage?image_id=3300" (specified by argument number 29)  	[MsgId: MMSG-26577]
Action.c(52): Downloading resource "https://www.advantageonlineshopping.com/catalog/fetchImage?image_id=3202" (specified by argument number 31)  	[MsgId: MMSG-26577]
Action.c(52): Downloading resource "https://www.advantageonlineshopping.com/catalog/fetchImage?image_id=3201" (specified by argument number 33)  	[MsgId: MMSG-26577]
Action.c(52): Error -27644: Step download timeout (120 seconds) has expired when only cross-step downloads (0) were active  	[MsgId: MERR-27644]
End auto log messages stack.	[MsgId: MMSG-10544]


Start auto log messages stack - Iteration 51.	[MsgId: MMSG-10545]
Action.c(52): Downloading resource "https://www.advantageonlineshopping.com/catalog/fetchImage?image_id=3201" (specified by argument number 33)  	[MsgId: MMSG-26577]
Action.c(52): Warning -27760: Request "https://www.advantageonlineshopping.com/main.min.js" failed  	[MsgId: MWAR-27760]
Action.c(52): Warning -27760: Request "https://www.advantageonlineshopping.com/catalog/fetchImage?image_id=3300" failed  	[MsgId: MWAR-27760]
Action.c(52): Warning -27760: Request "https://www.advantageonlineshopping.com/catalog/fetchImage?image_id=3200" failed  	[MsgId: MWAR-27760]
Action.c(52): Warning -27760: Request "https://www.advantageonlineshopping.com/catalog/fetchImage?image_id=3100" failed  	[MsgId: MWAR-27760]
Action.c(52): Error -27644: Step download timeout (120 seconds) has expired when only cross-step downloads (0) were active  	[MsgId: MERR-27644]
End auto log messages stack.	[MsgId: MMSG-10544]


Start auto log messages stack - Iteration 40.	[MsgId: MMSG-10545]
Action.c(392): web_add_header("Origin") was successful  	[MsgId: MMSG-26392]
Action.c(398): web_add_header("Authorization") started  	[MsgId: MMSG-26355]
Action.c(398): Warning -26594: The header being added may cause unpredictable results if applied to ALL the URLs generated on behalf of the next script function. It will apply to the primary URL only.  	[MsgId: MWAR-26594]
Action.c(398): web_add_header("Authorization") highest severity level was "warning"  	[MsgId: MMSG-26391]
Action.c(400): web_reg_find started  	[MsgId: MMSG-26355]
Action.c(400): Registering web_reg_find was successful  	[MsgId: MMSG-26390]
Action.c(401): web_submit_data("{colorCode}") started  	[MsgId: MMSG-26355]
Action.c(401): Error -26612: HTTP Status-Code=500 (Internal Server Error) for "https://www.advantageonlineshopping.com/order/api/v1/carts/514978588/product/13/color/414141?quantity=1"  	[MsgId: MERR-26612]
Action.c(401): Error -26366: "Text=exists":true" not found for web_reg_find  	[MsgId: MERR-26366]
End auto log messages stack.	[MsgId: MMSG-10544]


Start auto log messages stack - Iteration 8.	[MsgId: MMSG-10545]
Action.c(392): web_add_header("Origin") was successful  	[MsgId: MMSG-26392]
Action.c(398): web_add_header("Authorization") started  	[MsgId: MMSG-26355]
Action.c(398): Warning -26594: The header being added may cause unpredictable results if applied to ALL the URLs generated on behalf of the next script function. It will apply to the primary URL only.  	[MsgId: MWAR-26594]
Action.c(398): web_add_header("Authorization") highest severity level was "warning"  	[MsgId: MMSG-26391]
Action.c(400): web_reg_find started  	[MsgId: MMSG-26355]
Action.c(400): Registering web_reg_find was successful  	[MsgId: MMSG-26390]
Action.c(401): web_submit_data("{colorCode}") started  	[MsgId: MMSG-26355]
Action.c(401): Error -26612: HTTP Status-Code=500 (Internal Server Error) for "https://www.advantageonlineshopping.com/order/api/v1/carts/915458869/product/13/color/55CDD5?quantity=1"  	[MsgId: MERR-26612]
Action.c(401): Error -26366: "Text=exists":true" not found for web_reg_find  	[MsgId: MERR-26366]
End auto log messages stack.	[MsgId: MMSG-10544]


Start auto log messages stack - Iteration 37.	[MsgId: MMSG-10545]
Action.c(392): web_add_header("Origin") was successful  	[MsgId: MMSG-26392]
Action.c(398): web_add_header("Authorization") started  	[MsgId: MMSG-26355]
Action.c(398): Warning -26594: The header being added may cause unpredictable results if applied to ALL the URLs generated on behalf of the next script function. It will apply to the primary URL only.  	[MsgId: MWAR-26594]
Action.c(398): web_add_header("Authorization") highest severity level was "warning"  	[MsgId: MMSG-26391]
Action.c(400): web_reg_find started  	[MsgId: MMSG-26355]
Action.c(400): Registering web_reg_find was successful  	[MsgId: MMSG-26390]
Action.c(401): web_submit_data("{colorCode}") started  	[MsgId: MMSG-26355]
Action.c(401): Error -26612: HTTP Status-Code=500 (Internal Server Error) for "https://www.advantageonlineshopping.com/order/api/v1/carts/939132128/product/13/color/414141?quantity=1"  	[MsgId: MERR-26612]
Action.c(401): Error -26366: "Text=exists":true" not found for web_reg_find  	[MsgId: MERR-26366]
End auto log messages stack.	[MsgId: MMSG-10544]


Start auto log messages stack - Iteration 18.	[MsgId: MMSG-10545]
Action.c(620): web_remove/revert_auto_header("X-Requested-With") was successful  	[MsgId: MMSG-26392]
Action.c(622): web_add_header("Authorization") started  	[MsgId: MMSG-26355]
Action.c(622): Warning -26594: The header being added may cause unpredictable results if applied to ALL the URLs generated on behalf of the next script function. It will apply to the primary URL only.  	[MsgId: MWAR-26594]
Action.c(622): web_add_header("Authorization") highest severity level was "warning"  	[MsgId: MMSG-26391]
Action.c(625): web_reg_find started  	[MsgId: MMSG-26355]
Action.c(625): Registering web_reg_find was successful  	[MsgId: MMSG-26390]
Action.c(626): web_custom_request("{userIdValue}") started  	[MsgId: MMSG-26355]
Action.c(626): Error -26612: HTTP Status-Code=500 (Internal Server Error) for "https://www.advantageonlineshopping.com/order/api/v1/orders/users/105923581"  	[MsgId: MERR-26612]
Action.c(626): Error -26366: "Text=order completed successfully" not found for web_reg_find  	[MsgId: MERR-26366]
End auto log messages stack.	[MsgId: MMSG-10544]


