Start auto log messages stack - Iteration 5.	[MsgId: MMSG-10545]
Action.c(36): web_add_header("Sec-Fetch-User") started  	[MsgId: MMSG-26355]
Action.c(36): web_add_header("Sec-Fetch-User") was successful  	[MsgId: MMSG-26392]
Action.c(38): web_add_header("Upgrade-Insecure-Requests") started  	[MsgId: MMSG-26355]
Action.c(38): web_add_header("Upgrade-Insecure-Requests") was successful  	[MsgId: MMSG-26392]
Action.c(40): web_add_cookie started  	[MsgId: MMSG-26355]
Action.c(40): web_add_cookie was successful  	[MsgId: MMSG-26392]
Action.c(43): web_reg_find started  	[MsgId: MMSG-26355]
Action.c(43): Registering web_reg_find was successful  	[MsgId: MMSG-26390]
Action.c(44): web_url("www.advantageonlineshopping.com") started  	[MsgId: MMSG-26355]
Action.c(44): Error -27792: Failed to connect to server "www.advantageonlineshopping.com:443": [10060] Connection timed out  	[MsgId: MERR-27792]
End auto log messages stack.	[MsgId: MMSG-10544]


Start auto log messages stack - Iteration 5.	[MsgId: MMSG-10545]
Action.c(44): Warning -26200: At least one of the resources specified by EXTRARES has not been downloaded due to the above error(s)  	[MsgId: MWAR-26200]
Action.c(44): Error -26366: "Text=Product Added Successfully" not found for web_reg_find  	[MsgId: MERR-26366]
Action.c(44): Error -26374: The above "not found" error(s) may be explained by header and body byte counts being 0 and 0, respectively.  	[MsgId: MERR-26374]
End auto log messages stack.	[MsgId: MMSG-10544]


Start auto log messages stack - Iteration 39.	[MsgId: MMSG-10545]
Action.c(44): Downloading resource "https://www.advantageonlineshopping.com/css/images/twitter.png" (specified by argument number 23)  	[MsgId: MMSG-26577]
Action.c(44): Downloading resource "https://www.advantageonlineshopping.com/css/images/linkedin.png" (specified by argument number 25)  	[MsgId: MMSG-26577]
Action.c(44): Downloading resource "https://www.advantageonlineshopping.com/css/fonts/roboto_bold_macroman/Roboto-Bold-webfont.woff" (specified by argument number 27)  	[MsgId: MMSG-26577]
Action.c(44): Downloading resource "https://www.advantageonlineshopping.com/css/fonts/roboto_thin_macroman/Roboto-Thin-webfont.woff" (specified by argument number 30)  	[MsgId: MMSG-26577]
Action.c(44): Error -27644: Step download timeout (120 seconds) has expired when only cross-step downloads (0) were active  	[MsgId: MERR-27644]
End auto log messages stack.	[MsgId: MMSG-10544]


Start auto log messages stack - Iteration 17.	[MsgId: MMSG-10545]
Action.c(171): Registering web_reg_save_param_regexp was successful  	[MsgId: MMSG-26390]
Action.c(176): web_reg_save_param_regexp started  	[MsgId: MMSG-26355]
Action.c(176): Registering web_reg_save_param_regexp was successful  	[MsgId: MMSG-26390]
Action.c(181): web_reg_find started  	[MsgId: MMSG-26355]
Action.c(181): Registering web_reg_find was successful  	[MsgId: MMSG-26390]
Action.c(182): web_custom_request("AccountLoginRequest") started  	[MsgId: MMSG-26355]
Action.c(182): Connection to www.advantageonlineshopping.com:443 closed after being inactive for 71 seconds, exceeding the "HTTP Keep-Alive timeout" Runtime Setting (60 seconds). URL="[None]"  	[MsgId: MMSG-27647]
Action.c(182): Error -27760: Request "https://www.advantageonlineshopping.com/accountservice/ws/AccountLoginRequest" failed  	[MsgId: MERR-27760]
Action.c(182): Error -35049: No match found for the requested parameter "userId". Check whether the requested regular expression exists in the response data  	[MsgId: MERR-35049]
Action.c(182): Error -35049: No match found for the requested parameter "authorization". Check whether the requested regular expression exists in the response data  	[MsgId: MERR-35049]
Action.c(182): Error -26366: "Text=Login Successful" not found for web_reg_find  	[MsgId: MERR-26366]
Action.c(182): Error -26374: The above "not found" error(s) may be explained by header and body byte counts being 0 and 0, respectively.  	[MsgId: MERR-26374]
End auto log messages stack.	[MsgId: MMSG-10544]


Start auto log messages stack - Iteration 4.	[MsgId: MMSG-10545]
Action.c(44): Downloading resource "https://www.advantageonlineshopping.com/css/images/twitter.png" (specified by argument number 23)  	[MsgId: MMSG-26577]
Action.c(44): Downloading resource "https://www.advantageonlineshopping.com/css/images/linkedin.png" (specified by argument number 25)  	[MsgId: MMSG-26577]
Action.c(44): Downloading resource "https://www.advantageonlineshopping.com/css/fonts/roboto_bold_macroman/Roboto-Bold-webfont.woff" (specified by argument number 27)  	[MsgId: MMSG-26577]
Action.c(44): Downloading resource "https://www.advantageonlineshopping.com/css/fonts/roboto_thin_macroman/Roboto-Thin-webfont.woff" (specified by argument number 30)  	[MsgId: MMSG-26577]
Action.c(44): Error -27644: Step download timeout (120 seconds) has expired when only cross-step downloads (0) were active  	[MsgId: MERR-27644]
End auto log messages stack.	[MsgId: MMSG-10544]


Start auto log messages stack - Iteration 21.	[MsgId: MMSG-10545]
Action.c(44): Downloading resource "https://www.advantageonlineshopping.com/css/images/twitter.png" (specified by argument number 23)  	[MsgId: MMSG-26577]
Action.c(44): Downloading resource "https://www.advantageonlineshopping.com/css/images/linkedin.png" (specified by argument number 25)  	[MsgId: MMSG-26577]
Action.c(44): Downloading resource "https://www.advantageonlineshopping.com/css/fonts/roboto_bold_macroman/Roboto-Bold-webfont.woff" (specified by argument number 27)  	[MsgId: MMSG-26577]
Action.c(44): Downloading resource "https://www.advantageonlineshopping.com/css/fonts/roboto_thin_macroman/Roboto-Thin-webfont.woff" (specified by argument number 30)  	[MsgId: MMSG-26577]
Action.c(44): Error -27644: Step download timeout (120 seconds) has expired when only cross-step downloads (0) were active  	[MsgId: MERR-27644]
End auto log messages stack.	[MsgId: MMSG-10544]


Start auto log messages stack - Iteration 44.	[MsgId: MMSG-10545]
Action.c(44): Downloading resource "https://www.advantageonlineshopping.com/css/images/twitter.png" (specified by argument number 23)  	[MsgId: MMSG-26577]
Action.c(44): Downloading resource "https://www.advantageonlineshopping.com/css/images/linkedin.png" (specified by argument number 25)  	[MsgId: MMSG-26577]
Action.c(44): Downloading resource "https://www.advantageonlineshopping.com/css/fonts/roboto_bold_macroman/Roboto-Bold-webfont.woff" (specified by argument number 27)  	[MsgId: MMSG-26577]
Action.c(44): Downloading resource "https://www.advantageonlineshopping.com/css/fonts/roboto_thin_macroman/Roboto-Thin-webfont.woff" (specified by argument number 30)  	[MsgId: MMSG-26577]
Action.c(44): Error -27644: Step download timeout (120 seconds) has expired when only cross-step downloads (0) were active  	[MsgId: MERR-27644]
End auto log messages stack.	[MsgId: MMSG-10544]


Start auto log messages stack - Iteration 27.	[MsgId: MMSG-10545]
Action.c(44): Downloading resource "https://www.advantageonlineshopping.com/css/images/twitter.png" (specified by argument number 23)  	[MsgId: MMSG-26577]
Action.c(44): Downloading resource "https://www.advantageonlineshopping.com/css/images/linkedin.png" (specified by argument number 25)  	[MsgId: MMSG-26577]
Action.c(44): Downloading resource "https://www.advantageonlineshopping.com/css/fonts/roboto_bold_macroman/Roboto-Bold-webfont.woff" (specified by argument number 27)  	[MsgId: MMSG-26577]
Action.c(44): Downloading resource "https://www.advantageonlineshopping.com/css/fonts/roboto_thin_macroman/Roboto-Thin-webfont.woff" (specified by argument number 30)  	[MsgId: MMSG-26577]
Action.c(44): Error -27644: Step download timeout (120 seconds) has expired when only cross-step downloads (0) were active  	[MsgId: MERR-27644]
End auto log messages stack.	[MsgId: MMSG-10544]


Start auto log messages stack - Iteration 50.	[MsgId: MMSG-10545]
Action.c(44): Downloading resource "https://www.advantageonlineshopping.com/css/images/twitter.png" (specified by argument number 23)  	[MsgId: MMSG-26577]
Action.c(44): Downloading resource "https://www.advantageonlineshopping.com/css/images/linkedin.png" (specified by argument number 25)  	[MsgId: MMSG-26577]
Action.c(44): Downloading resource "https://www.advantageonlineshopping.com/css/fonts/roboto_bold_macroman/Roboto-Bold-webfont.woff" (specified by argument number 27)  	[MsgId: MMSG-26577]
Action.c(44): Downloading resource "https://www.advantageonlineshopping.com/css/fonts/roboto_thin_macroman/Roboto-Thin-webfont.woff" (specified by argument number 30)  	[MsgId: MMSG-26577]
Action.c(44): Error -27644: Step download timeout (120 seconds) has expired when only cross-step downloads (0) were active  	[MsgId: MERR-27644]
End auto log messages stack.	[MsgId: MMSG-10544]


Start auto log messages stack - Iteration 43.	[MsgId: MMSG-10545]
Action.c(44): Downloading resource "https://www.advantageonlineshopping.com/css/images/twitter.png" (specified by argument number 23)  	[MsgId: MMSG-26577]
Action.c(44): Downloading resource "https://www.advantageonlineshopping.com/css/images/linkedin.png" (specified by argument number 25)  	[MsgId: MMSG-26577]
Action.c(44): Downloading resource "https://www.advantageonlineshopping.com/css/fonts/roboto_bold_macroman/Roboto-Bold-webfont.woff" (specified by argument number 27)  	[MsgId: MMSG-26577]
Action.c(44): Downloading resource "https://www.advantageonlineshopping.com/css/fonts/roboto_thin_macroman/Roboto-Thin-webfont.woff" (specified by argument number 30)  	[MsgId: MMSG-26577]
Action.c(44): Error -27644: Step download timeout (120 seconds) has expired when only cross-step downloads (0) were active  	[MsgId: MERR-27644]
End auto log messages stack.	[MsgId: MMSG-10544]


Start auto log messages stack - Iteration 27.	[MsgId: MMSG-10545]
Action.c(44): Downloading resource "https://www.advantageonlineshopping.com/css/images/twitter.png" (specified by argument number 23)  	[MsgId: MMSG-26577]
Action.c(44): Downloading resource "https://www.advantageonlineshopping.com/css/images/linkedin.png" (specified by argument number 25)  	[MsgId: MMSG-26577]
Action.c(44): Downloading resource "https://www.advantageonlineshopping.com/css/fonts/roboto_bold_macroman/Roboto-Bold-webfont.woff" (specified by argument number 27)  	[MsgId: MMSG-26577]
Action.c(44): Downloading resource "https://www.advantageonlineshopping.com/css/fonts/roboto_thin_macroman/Roboto-Thin-webfont.woff" (specified by argument number 30)  	[MsgId: MMSG-26577]
Action.c(44): Warning -27760: Request "https://www.googletagmanager.com/gtag/js?id=G-TBPYED8WSW" failed  	[MsgId: MWAR-27760]
Action.c(44): Error -27644: Step download timeout (120 seconds) has expired when only cross-step downloads (0) were active  	[MsgId: MERR-27644]
End auto log messages stack.	[MsgId: MMSG-10544]


Start auto log messages stack - Iteration 88.	[MsgId: MMSG-10545]
Action.c(44): Downloading resource "https://www.advantageonlineshopping.com/css/images/twitter.png" (specified by argument number 23)  	[MsgId: MMSG-26577]
Action.c(44): Downloading resource "https://www.advantageonlineshopping.com/css/images/linkedin.png" (specified by argument number 25)  	[MsgId: MMSG-26577]
Action.c(44): Downloading resource "https://www.advantageonlineshopping.com/css/fonts/roboto_bold_macroman/Roboto-Bold-webfont.woff" (specified by argument number 27)  	[MsgId: MMSG-26577]
Action.c(44): Downloading resource "https://www.advantageonlineshopping.com/css/fonts/roboto_thin_macroman/Roboto-Thin-webfont.woff" (specified by argument number 30)  	[MsgId: MMSG-26577]
Action.c(44): Error -27644: Step download timeout (120 seconds) has expired when only cross-step downloads (0) were active  	[MsgId: MERR-27644]
End auto log messages stack.	[MsgId: MMSG-10544]


Start auto log messages stack - Iteration 49.	[MsgId: MMSG-10545]
Action.c(44): Downloading resource "https://www.advantageonlineshopping.com/css/images/twitter.png" (specified by argument number 23)  	[MsgId: MMSG-26577]
Action.c(44): Downloading resource "https://www.advantageonlineshopping.com/css/images/linkedin.png" (specified by argument number 25)  	[MsgId: MMSG-26577]
Action.c(44): Downloading resource "https://www.advantageonlineshopping.com/css/fonts/roboto_bold_macroman/Roboto-Bold-webfont.woff" (specified by argument number 27)  	[MsgId: MMSG-26577]
Action.c(44): Downloading resource "https://www.advantageonlineshopping.com/css/fonts/roboto_thin_macroman/Roboto-Thin-webfont.woff" (specified by argument number 30)  	[MsgId: MMSG-26577]
Action.c(44): Error -27644: Step download timeout (120 seconds) has expired when only cross-step downloads (0) were active  	[MsgId: MERR-27644]
End auto log messages stack.	[MsgId: MMSG-10544]


