Start auto log messages stack - Iteration 34.	[MsgId: MMSG-10545]
Action.c(36): web_add_header("Sec-Fetch-User") started  	[MsgId: MMSG-26355]
Action.c(36): web_add_header("Sec-Fetch-User") was successful  	[MsgId: MMSG-26392]
Action.c(38): web_add_header("Upgrade-Insecure-Requests") started  	[MsgId: MMSG-26355]
Action.c(38): web_add_header("Upgrade-Insecure-Requests") was successful  	[MsgId: MMSG-26392]
Action.c(40): web_add_cookie started  	[MsgId: MMSG-26355]
Action.c(40): web_add_cookie was successful  	[MsgId: MMSG-26392]
Action.c(43): web_reg_find started  	[MsgId: MMSG-26355]
Action.c(43): Registering web_reg_find was successful  	[MsgId: MMSG-26390]
Action.c(44): web_url("www.advantageonlineshopping.com") started  	[MsgId: MMSG-26355]
Action.c(44): Error -27792: Failed to connect to server "www.advantageonlineshopping.com:443": [10060] Connection timed out  	[MsgId: MERR-27792]
End auto log messages stack.	[MsgId: MMSG-10544]


Start auto log messages stack - Iteration 34.	[MsgId: MMSG-10545]
Action.c(44): Warning -26200: At least one of the resources specified by EXTRARES has not been downloaded due to the above error(s)  	[MsgId: MWAR-26200]
Action.c(44): Error -26366: "Text=Product Added Successfully" not found for web_reg_find  	[MsgId: MERR-26366]
Action.c(44): Error -26374: The above "not found" error(s) may be explained by header and body byte counts being 0 and 0, respectively.  	[MsgId: MERR-26374]
End auto log messages stack.	[MsgId: MMSG-10544]


Start auto log messages stack - Iteration 52.	[MsgId: MMSG-10545]
Action.c(200): web_add_cookie started  	[MsgId: MMSG-26355]
Action.c(200): web_add_cookie was successful  	[MsgId: MMSG-26392]
Action.c(204): web_add_header("Authorization") started  	[MsgId: MMSG-26355]
Action.c(204): Warning -26594: The header being added may cause unpredictable results if applied to ALL the URLs generated on behalf of the next script function. It will apply to the primary URL only.  	[MsgId: MWAR-26594]
Action.c(204): web_add_header("Authorization") highest severity level was "warning"  	[MsgId: MMSG-26391]
Action.c(207): web_reg_find started  	[MsgId: MMSG-26355]
Action.c(207): Registering web_reg_find was successful  	[MsgId: MMSG-26390]
Action.c(208): web_url("{userIdValue}") started  	[MsgId: MMSG-26355]
Action.c(208): Error -27644: Step download timeout (120 seconds) has expired when only cross-step downloads (0) were active  	[MsgId: MERR-27644]
End auto log messages stack.	[MsgId: MMSG-10544]


Start auto log messages stack - Iteration 52.	[MsgId: MMSG-10545]
Action.c(208): Aborting pending download of URL="https://www.advantageonlineshopping.com/order/api/v1/carts/514978588" (RelFrameId=1, Internal ID=1276)  	[MsgId: MMSG-27649]
Action.c(208): Error -26366: "Text="userId":514978588" not found for web_reg_find  	[MsgId: MERR-26366]
Action.c(208): Error -26374: The above "not found" error(s) may be explained by header and body byte counts being 0 and 0, respectively.  	[MsgId: MERR-26374]
End auto log messages stack.	[MsgId: MMSG-10544]


Start auto log messages stack - Iteration 38.	[MsgId: MMSG-10545]
Action.c(200): web_add_cookie started  	[MsgId: MMSG-26355]
Action.c(200): web_add_cookie was successful  	[MsgId: MMSG-26392]
Action.c(204): web_add_header("Authorization") started  	[MsgId: MMSG-26355]
Action.c(204): Warning -26594: The header being added may cause unpredictable results if applied to ALL the URLs generated on behalf of the next script function. It will apply to the primary URL only.  	[MsgId: MWAR-26594]
Action.c(204): web_add_header("Authorization") highest severity level was "warning"  	[MsgId: MMSG-26391]
Action.c(207): web_reg_find started  	[MsgId: MMSG-26355]
Action.c(207): Registering web_reg_find was successful  	[MsgId: MMSG-26390]
Action.c(208): web_url("{userIdValue}") started  	[MsgId: MMSG-26355]
Action.c(208): Error -27644: Step download timeout (120 seconds) has expired when only cross-step downloads (0) were active  	[MsgId: MERR-27644]
End auto log messages stack.	[MsgId: MMSG-10544]


Start auto log messages stack - Iteration 38.	[MsgId: MMSG-10545]
Action.c(208): Aborting pending download of URL="https://www.advantageonlineshopping.com/order/api/v1/carts/375813603" (RelFrameId=1, Internal ID=950)  	[MsgId: MMSG-27649]
Action.c(208): Error -26366: "Text="userId":375813603" not found for web_reg_find  	[MsgId: MERR-26366]
Action.c(208): Error -26374: The above "not found" error(s) may be explained by header and body byte counts being 0 and 0, respectively.  	[MsgId: MERR-26374]
End auto log messages stack.	[MsgId: MMSG-10544]


Start auto log messages stack - Iteration 31.	[MsgId: MMSG-10545]
Action.c(36): web_add_header("Sec-Fetch-User") started  	[MsgId: MMSG-26355]
Action.c(36): web_add_header("Sec-Fetch-User") was successful  	[MsgId: MMSG-26392]
Action.c(38): web_add_header("Upgrade-Insecure-Requests") started  	[MsgId: MMSG-26355]
Action.c(38): web_add_header("Upgrade-Insecure-Requests") was successful  	[MsgId: MMSG-26392]
Action.c(40): web_add_cookie started  	[MsgId: MMSG-26355]
Action.c(40): web_add_cookie was successful  	[MsgId: MMSG-26392]
Action.c(43): web_reg_find started  	[MsgId: MMSG-26355]
Action.c(43): Registering web_reg_find was successful  	[MsgId: MMSG-26390]
Action.c(44): web_url("www.advantageonlineshopping.com") started  	[MsgId: MMSG-26355]
Action.c(44): Error -27792: Failed to connect to server "www.advantageonlineshopping.com:443": [10060] Connection timed out  	[MsgId: MERR-27792]
End auto log messages stack.	[MsgId: MMSG-10544]


Start auto log messages stack - Iteration 31.	[MsgId: MMSG-10545]
Action.c(44): Warning -26200: At least one of the resources specified by EXTRARES has not been downloaded due to the above error(s)  	[MsgId: MWAR-26200]
Action.c(44): Error -26366: "Text=Product Added Successfully" not found for web_reg_find  	[MsgId: MERR-26366]
Action.c(44): Error -26374: The above "not found" error(s) may be explained by header and body byte counts being 0 and 0, respectively.  	[MsgId: MERR-26374]
End auto log messages stack.	[MsgId: MMSG-10544]


Start auto log messages stack - Iteration 33.	[MsgId: MMSG-10545]
Action.c(44): Downloading resource "https://www.advantageonlineshopping.com/css/images/twitter.png" (specified by argument number 23)  	[MsgId: MMSG-26577]
Action.c(44): Downloading resource "https://www.advantageonlineshopping.com/css/images/linkedin.png" (specified by argument number 25)  	[MsgId: MMSG-26577]
Action.c(44): Downloading resource "https://www.advantageonlineshopping.com/css/fonts/roboto_bold_macroman/Roboto-Bold-webfont.woff" (specified by argument number 27)  	[MsgId: MMSG-26577]
Action.c(44): Downloading resource "https://www.advantageonlineshopping.com/css/fonts/roboto_thin_macroman/Roboto-Thin-webfont.woff" (specified by argument number 30)  	[MsgId: MMSG-26577]
Action.c(44): Error -27644: Step download timeout (120 seconds) has expired when only cross-step downloads (0) were active  	[MsgId: MERR-27644]
End auto log messages stack.	[MsgId: MMSG-10544]


Start auto log messages stack - Iteration 65.	[MsgId: MMSG-10545]
Action.c(44): Downloading resource "https://www.advantageonlineshopping.com/css/images/twitter.png" (specified by argument number 23)  	[MsgId: MMSG-26577]
Action.c(44): Downloading resource "https://www.advantageonlineshopping.com/css/images/linkedin.png" (specified by argument number 25)  	[MsgId: MMSG-26577]
Action.c(44): Downloading resource "https://www.advantageonlineshopping.com/css/fonts/roboto_bold_macroman/Roboto-Bold-webfont.woff" (specified by argument number 27)  	[MsgId: MMSG-26577]
Action.c(44): Downloading resource "https://www.advantageonlineshopping.com/css/fonts/roboto_thin_macroman/Roboto-Thin-webfont.woff" (specified by argument number 30)  	[MsgId: MMSG-26577]
Action.c(44): Warning -27760: Request "https://www.advantageonlineshopping.com/vendor/requirejs/require.js" failed  	[MsgId: MWAR-27760]
Action.c(44): Error -27644: Step download timeout (120 seconds) has expired when only cross-step downloads (0) were active  	[MsgId: MERR-27644]
End auto log messages stack.	[MsgId: MMSG-10544]


Start auto log messages stack - Iteration 51.	[MsgId: MMSG-10545]
Action.c(44): Downloading resource "https://www.advantageonlineshopping.com/css/images/twitter.png" (specified by argument number 23)  	[MsgId: MMSG-26577]
Action.c(44): Downloading resource "https://www.advantageonlineshopping.com/css/images/linkedin.png" (specified by argument number 25)  	[MsgId: MMSG-26577]
Action.c(44): Downloading resource "https://www.advantageonlineshopping.com/css/fonts/roboto_bold_macroman/Roboto-Bold-webfont.woff" (specified by argument number 27)  	[MsgId: MMSG-26577]
Action.c(44): Downloading resource "https://www.advantageonlineshopping.com/css/fonts/roboto_thin_macroman/Roboto-Thin-webfont.woff" (specified by argument number 30)  	[MsgId: MMSG-26577]
Action.c(44): Error -27644: Step download timeout (120 seconds) has expired when only cross-step downloads (0) were active  	[MsgId: MERR-27644]
End auto log messages stack.	[MsgId: MMSG-10544]


Start auto log messages stack - Iteration 66.	[MsgId: MMSG-10545]
Action.c(44): Downloading resource "https://www.advantageonlineshopping.com/css/images/twitter.png" (specified by argument number 23)  	[MsgId: MMSG-26577]
Action.c(44): Downloading resource "https://www.advantageonlineshopping.com/css/images/linkedin.png" (specified by argument number 25)  	[MsgId: MMSG-26577]
Action.c(44): Downloading resource "https://www.advantageonlineshopping.com/css/fonts/roboto_bold_macroman/Roboto-Bold-webfont.woff" (specified by argument number 27)  	[MsgId: MMSG-26577]
Action.c(44): Downloading resource "https://www.advantageonlineshopping.com/css/fonts/roboto_thin_macroman/Roboto-Thin-webfont.woff" (specified by argument number 30)  	[MsgId: MMSG-26577]
Action.c(44): Error -27644: Step download timeout (120 seconds) has expired when only cross-step downloads (0) were active  	[MsgId: MERR-27644]
End auto log messages stack.	[MsgId: MMSG-10544]


Start auto log messages stack - Iteration 82.	[MsgId: MMSG-10545]
Action.c(44): Downloading resource "https://www.advantageonlineshopping.com/css/images/twitter.png" (specified by argument number 23)  	[MsgId: MMSG-26577]
Action.c(44): Downloading resource "https://www.advantageonlineshopping.com/css/images/linkedin.png" (specified by argument number 25)  	[MsgId: MMSG-26577]
Action.c(44): Downloading resource "https://www.advantageonlineshopping.com/css/fonts/roboto_bold_macroman/Roboto-Bold-webfont.woff" (specified by argument number 27)  	[MsgId: MMSG-26577]
Action.c(44): Downloading resource "https://www.advantageonlineshopping.com/css/fonts/roboto_thin_macroman/Roboto-Thin-webfont.woff" (specified by argument number 30)  	[MsgId: MMSG-26577]
Action.c(44): Warning -27760: Request "https://www.advantageonlineshopping.com/vendor/requirejs/require.js" failed  	[MsgId: MWAR-27760]
Action.c(44): Error -27644: Step download timeout (120 seconds) has expired when only cross-step downloads (0) were active  	[MsgId: MERR-27644]
End auto log messages stack.	[MsgId: MMSG-10544]


Start auto log messages stack - Iteration 104.	[MsgId: MMSG-10545]
Action.c(44): Downloading resource "https://www.advantageonlineshopping.com/css/images/twitter.png" (specified by argument number 23)  	[MsgId: MMSG-26577]
Action.c(44): Downloading resource "https://www.advantageonlineshopping.com/css/images/linkedin.png" (specified by argument number 25)  	[MsgId: MMSG-26577]
Action.c(44): Downloading resource "https://www.advantageonlineshopping.com/css/fonts/roboto_bold_macroman/Roboto-Bold-webfont.woff" (specified by argument number 27)  	[MsgId: MMSG-26577]
Action.c(44): Downloading resource "https://www.advantageonlineshopping.com/css/fonts/roboto_thin_macroman/Roboto-Thin-webfont.woff" (specified by argument number 30)  	[MsgId: MMSG-26577]
Action.c(44): Error -27644: Step download timeout (120 seconds) has expired when only cross-step downloads (0) were active  	[MsgId: MERR-27644]
End auto log messages stack.	[MsgId: MMSG-10544]


Start auto log messages stack - Iteration 35.	[MsgId: MMSG-10545]
Action.c(44): Downloading resource "https://www.advantageonlineshopping.com/css/images/twitter.png" (specified by argument number 23)  	[MsgId: MMSG-26577]
Action.c(44): Downloading resource "https://www.advantageonlineshopping.com/css/images/linkedin.png" (specified by argument number 25)  	[MsgId: MMSG-26577]
Action.c(44): Downloading resource "https://www.advantageonlineshopping.com/css/fonts/roboto_bold_macroman/Roboto-Bold-webfont.woff" (specified by argument number 27)  	[MsgId: MMSG-26577]
Action.c(44): Downloading resource "https://www.advantageonlineshopping.com/css/fonts/roboto_thin_macroman/Roboto-Thin-webfont.woff" (specified by argument number 30)  	[MsgId: MMSG-26577]
Action.c(44): Error -27644: Step download timeout (120 seconds) has expired when only cross-step downloads (0) were active  	[MsgId: MERR-27644]
End auto log messages stack.	[MsgId: MMSG-10544]


Start auto log messages stack - Iteration 67.	[MsgId: MMSG-10545]
Action.c(44): Downloading resource "https://www.advantageonlineshopping.com/css/images/twitter.png" (specified by argument number 23)  	[MsgId: MMSG-26577]
Action.c(44): Downloading resource "https://www.advantageonlineshopping.com/css/images/linkedin.png" (specified by argument number 25)  	[MsgId: MMSG-26577]
Action.c(44): Downloading resource "https://www.advantageonlineshopping.com/css/fonts/roboto_bold_macroman/Roboto-Bold-webfont.woff" (specified by argument number 27)  	[MsgId: MMSG-26577]
Action.c(44): Downloading resource "https://www.advantageonlineshopping.com/css/fonts/roboto_thin_macroman/Roboto-Thin-webfont.woff" (specified by argument number 30)  	[MsgId: MMSG-26577]
Action.c(44): Error -27644: Step download timeout (120 seconds) has expired when only cross-step downloads (0) were active  	[MsgId: MERR-27644]
End auto log messages stack.	[MsgId: MMSG-10544]


Start auto log messages stack - Iteration 83.	[MsgId: MMSG-10545]
Action.c(44): Downloading resource "https://www.advantageonlineshopping.com/css/images/twitter.png" (specified by argument number 23)  	[MsgId: MMSG-26577]
Action.c(44): Downloading resource "https://www.advantageonlineshopping.com/css/images/linkedin.png" (specified by argument number 25)  	[MsgId: MMSG-26577]
Action.c(44): Downloading resource "https://www.advantageonlineshopping.com/css/fonts/roboto_bold_macroman/Roboto-Bold-webfont.woff" (specified by argument number 27)  	[MsgId: MMSG-26577]
Action.c(44): Downloading resource "https://www.advantageonlineshopping.com/css/fonts/roboto_thin_macroman/Roboto-Thin-webfont.woff" (specified by argument number 30)  	[MsgId: MMSG-26577]
Action.c(44): Error -27644: Step download timeout (120 seconds) has expired when only cross-step downloads (0) were active  	[MsgId: MERR-27644]
End auto log messages stack.	[MsgId: MMSG-10544]


Start auto log messages stack - Iteration 105.	[MsgId: MMSG-10545]
Action.c(44): Downloading resource "https://www.advantageonlineshopping.com/css/images/twitter.png" (specified by argument number 23)  	[MsgId: MMSG-26577]
Action.c(44): Downloading resource "https://www.advantageonlineshopping.com/css/images/linkedin.png" (specified by argument number 25)  	[MsgId: MMSG-26577]
Action.c(44): Downloading resource "https://www.advantageonlineshopping.com/css/fonts/roboto_bold_macroman/Roboto-Bold-webfont.woff" (specified by argument number 27)  	[MsgId: MMSG-26577]
Action.c(44): Downloading resource "https://www.advantageonlineshopping.com/css/fonts/roboto_thin_macroman/Roboto-Thin-webfont.woff" (specified by argument number 30)  	[MsgId: MMSG-26577]
Action.c(44): Error -27644: Step download timeout (120 seconds) has expired when only cross-step downloads (0) were active  	[MsgId: MERR-27644]
End auto log messages stack.	[MsgId: MMSG-10544]


Start auto log messages stack - Iteration 14.	[MsgId: MMSG-10545]
Action.c(44): Downloading resource "https://www.advantageonlineshopping.com/css/images/twitter.png" (specified by argument number 23)  	[MsgId: MMSG-26577]
Action.c(44): Downloading resource "https://www.advantageonlineshopping.com/css/images/linkedin.png" (specified by argument number 25)  	[MsgId: MMSG-26577]
Action.c(44): Downloading resource "https://www.advantageonlineshopping.com/css/fonts/roboto_bold_macroman/Roboto-Bold-webfont.woff" (specified by argument number 27)  	[MsgId: MMSG-26577]
Action.c(44): Downloading resource "https://www.advantageonlineshopping.com/css/fonts/roboto_thin_macroman/Roboto-Thin-webfont.woff" (specified by argument number 30)  	[MsgId: MMSG-26577]
Action.c(44): Error -27644: Step download timeout (120 seconds) has expired when only cross-step downloads (0) were active  	[MsgId: MERR-27644]
End auto log messages stack.	[MsgId: MMSG-10544]


Start auto log messages stack - Iteration 53.	[MsgId: MMSG-10545]
Action.c(44): Downloading resource "https://www.advantageonlineshopping.com/css/images/twitter.png" (specified by argument number 23)  	[MsgId: MMSG-26577]
Action.c(44): Downloading resource "https://www.advantageonlineshopping.com/css/images/linkedin.png" (specified by argument number 25)  	[MsgId: MMSG-26577]
Action.c(44): Downloading resource "https://www.advantageonlineshopping.com/css/fonts/roboto_bold_macroman/Roboto-Bold-webfont.woff" (specified by argument number 27)  	[MsgId: MMSG-26577]
Action.c(44): Downloading resource "https://www.advantageonlineshopping.com/css/fonts/roboto_thin_macroman/Roboto-Thin-webfont.woff" (specified by argument number 30)  	[MsgId: MMSG-26577]
Action.c(44): Error -27644: Step download timeout (120 seconds) has expired when only cross-step downloads (0) were active  	[MsgId: MERR-27644]
End auto log messages stack.	[MsgId: MMSG-10544]


Start auto log messages stack - Iteration 15.	[MsgId: MMSG-10545]
Action.c(44): Downloading resource "https://www.advantageonlineshopping.com/css/images/twitter.png" (specified by argument number 23)  	[MsgId: MMSG-26577]
Action.c(44): Downloading resource "https://www.advantageonlineshopping.com/css/images/linkedin.png" (specified by argument number 25)  	[MsgId: MMSG-26577]
Action.c(44): Downloading resource "https://www.advantageonlineshopping.com/css/fonts/roboto_bold_macroman/Roboto-Bold-webfont.woff" (specified by argument number 27)  	[MsgId: MMSG-26577]
Action.c(44): Downloading resource "https://www.advantageonlineshopping.com/css/fonts/roboto_thin_macroman/Roboto-Thin-webfont.woff" (specified by argument number 30)  	[MsgId: MMSG-26577]
Action.c(44): Error -27644: Step download timeout (120 seconds) has expired when only cross-step downloads (0) were active  	[MsgId: MERR-27644]
End auto log messages stack.	[MsgId: MMSG-10544]


Start auto log messages stack - Iteration 55.	[MsgId: MMSG-10545]
Action.c(44): Downloading resource "https://www.advantageonlineshopping.com/css/images/twitter.png" (specified by argument number 23)  	[MsgId: MMSG-26577]
Action.c(44): Downloading resource "https://www.advantageonlineshopping.com/css/images/linkedin.png" (specified by argument number 25)  	[MsgId: MMSG-26577]
Action.c(44): Downloading resource "https://www.advantageonlineshopping.com/css/fonts/roboto_bold_macroman/Roboto-Bold-webfont.woff" (specified by argument number 27)  	[MsgId: MMSG-26577]
Action.c(44): Downloading resource "https://www.advantageonlineshopping.com/css/fonts/roboto_thin_macroman/Roboto-Thin-webfont.woff" (specified by argument number 30)  	[MsgId: MMSG-26577]
Action.c(44): Error -27644: Step download timeout (120 seconds) has expired when only cross-step downloads (0) were active  	[MsgId: MERR-27644]
End auto log messages stack.	[MsgId: MMSG-10544]


