Start auto log messages stack - Iteration 1.	[MsgId: MMSG-10545]
Start auto log messages stack - Iteration 1.	[MsgId: MMSG-10545]
Start auto log messages stack - Iteration 1.	[MsgId: MMSG-10545]
Action.c(235): Warning -26594: The header being added may cause unpredictable results if applied to ALL the URLs generated on behalf of the next script function. It will apply to the primary URL only.  	[MsgId: MWAR-26594]
Action.c(235): web_add_header("Authorization") highest severity level was "warning"  	[MsgId: MMSG-26391]
Action.c(238): web_reg_find started  	[MsgId: MMSG-26355]
Action.c(238): Registering web_reg_find was successful  	[MsgId: MMSG-26390]
Action.c(239): web_url("{userIdValue}") started  	[MsgId: MMSG-26355]
Action.c(239): Notify: Transaction "login" ended with a "Stop" status (Duration: 25,1730 Wasted Time: 0,0003).	[MsgId: MMSG-16871]
Action.c(239): Notify: Transaction "Search_Item_Transaction" ended with a "Stop" status (Duration: 40,2634 Think Time: 5,0132 Wasted Time: 0,0070).	[MsgId: MMSG-16870]
Abort was called from an action.	[MsgId: MMSG-10447]
Ending Vuser...	[MsgId: MMSG-15966]
Starting action vuser_end.	[MsgId: MMSG-15919]
Ending action vuser_end.	[MsgId: MMSG-15918]
Vuser Terminated.	[MsgId: MMSG-15963]
Action.c(239): Error -27760: Request "https://www.advantageonlineshopping.com/order/api/v1/carts/516524698" failed  	[MsgId: MERR-27760]
Action.c(235): Warning -26594: The header being added may cause unpredictable results if applied to ALL the URLs generated on behalf of the next script function. It will apply to the primary URL only.  	[MsgId: MWAR-26594]
Action.c(235): web_add_header("Authorization") highest severity level was "warning"  	[MsgId: MMSG-26391]
Action.c(238): web_reg_find started  	[MsgId: MMSG-26355]
Action.c(235): Warning -26594: The header being added may cause unpredictable results if applied to ALL the URLs generated on behalf of the next script function. It will apply to the primary URL only.  	[MsgId: MWAR-26594]
Action.c(238): Registering web_reg_find was successful  	[MsgId: MMSG-26390]
Action.c(235): web_add_header("Authorization") highest severity level was "warning"  	[MsgId: MMSG-26391]
Action.c(239): web_url("{userIdValue}") started  	[MsgId: MMSG-26355]
Action.c(238): web_reg_find started  	[MsgId: MMSG-26355]
Action.c(238): Registering web_reg_find was successful  	[MsgId: MMSG-26390]
Action.c(239): web_url("{userIdValue}") started  	[MsgId: MMSG-26355]
Action.c(239): Notify: Transaction "login" ended with a "Stop" status (Duration: 24,9704 Wasted Time: 0,0004).	[MsgId: MMSG-16871]
Action.c(239): Notify: Transaction "Search_Item_Transaction" ended with a "Stop" status (Duration: 45,9463 Think Time: 5,0132 Wasted Time: 0,0077).	[MsgId: MMSG-16870]
Abort was called from an action.	[MsgId: MMSG-10447]
Ending Vuser...	[MsgId: MMSG-15966]
Starting action vuser_end.	[MsgId: MMSG-15919]
Ending action vuser_end.	[MsgId: MMSG-15918]
Vuser Terminated.	[MsgId: MMSG-15963]
Action.c(239): Notify: Transaction "login" ended with a "Stop" status (Duration: 22,1133 Wasted Time: 0,0005).	[MsgId: MMSG-16871]
Action.c(239): Error -27760: Request "https://www.advantageonlineshopping.com/order/api/v1/carts/375813603" failed  	[MsgId: MERR-27760]
Action.c(239): Notify: Transaction "Search_Item_Transaction" ended with a "Stop" status (Duration: 36,2064 Think Time: 5,0156 Wasted Time: 0,0064).	[MsgId: MMSG-16870]
Abort was called from an action.	[MsgId: MMSG-10447]
Ending Vuser...	[MsgId: MMSG-15966]
Starting action vuser_end.	[MsgId: MMSG-15919]
Ending action vuser_end.	[MsgId: MMSG-15918]
Vuser Terminated.	[MsgId: MMSG-15963]
Action.c(239): Error -27760: Request "https://www.advantageonlineshopping.com/order/api/v1/carts/939132128" failed  	[MsgId: MERR-27760]
